{"C:\\Users\\donghwan\\Desktop\\git\\webos-enact-streaming\\frontend\\src\\setupProxy.js": {"path":"C:\\Users\\donghwan\\Desktop\\git\\webos-enact-streaming\\frontend\\src\\setupProxy.js","statementMap":{"0":{"start":{"line":1,"column":34},"end":{"line":1,"column":66}},"1":{"start":{"line":3,"column":0},"end":{"line":11,"column":2}},"2":{"start":{"line":4,"column":2},"end":{"line":10,"column":4}}},"fnMap":{"0":{"name":"(anonymous_0)","decl":{"start":{"line":3,"column":17},"end":{"line":3,"column":18}},"loc":{"start":{"line":3,"column":31},"end":{"line":11,"column":1}},"line":3}},"branchMap":{},"s":{"0":0,"1":0,"2":0},"f":{"0":0},"b":{}}
,"C:\\Users\\donghwan\\Desktop\\git\\webos-enact-streaming\\frontend\\src\\zustand.js": {"path":"C:\\Users\\donghwan\\Desktop\\git\\webos-enact-streaming\\frontend\\src\\zustand.js","statementMap":{"0":{"start":{"line":3,"column":28},"end":{"line":12,"column":3}},"1":{"start":{"line":3,"column":43},"end":{"line":12,"column":1}},"2":{"start":{"line":6,"column":8},"end":{"line":10,"column":9}},"3":{"start":{"line":7,"column":12},"end":{"line":7,"column":22}},"4":{"start":{"line":9,"column":12},"end":{"line":9,"column":30}}},"fnMap":{"0":{"name":"(anonymous_0)","decl":{"start":{"line":3,"column":35},"end":{"line":3,"column":36}},"loc":{"start":{"line":3,"column":43},"end":{"line":12,"column":1}},"line":3},"1":{"name":"(anonymous_1)","decl":{"start":{"line":5,"column":13},"end":{"line":5,"column":14}},"loc":{"start":{"line":5,"column":19},"end":{"line":11,"column":5}},"line":5}},"branchMap":{"0":{"loc":{"start":{"line":6,"column":8},"end":{"line":10,"column":9}},"type":"if","locations":[{"start":{"line":6,"column":8},"end":{"line":10,"column":9}},{"start":{"line":8,"column":13},"end":{"line":10,"column":9}}],"line":6}},"s":{"0":0,"1":0,"2":0,"3":0,"4":0},"f":{"0":0,"1":0},"b":{"0":[0,0]}}
,"C:\\Users\\donghwan\\Desktop\\git\\webos-enact-streaming\\frontend\\src\\App\\App.js": {"path":"C:\\Users\\donghwan\\Desktop\\git\\webos-enact-streaming\\frontend\\src\\App\\App.js","statementMap":{"0":{"start":{"line":22,"column":12},"end":{"line":40,"column":1}},"1":{"start":{"line":23,"column":41},"end":{"line":23,"column":71}},"2":{"start":{"line":24,"column":20},"end":{"line":24,"column":36}},"3":{"start":{"line":25,"column":21},"end":{"line":25,"column":38}},"4":{"start":{"line":26,"column":1},"end":{"line":26,"column":35}},"5":{"start":{"line":28,"column":1},"end":{"line":39,"column":3}}},"fnMap":{"0":{"name":"(anonymous_0)","decl":{"start":{"line":22,"column":12},"end":{"line":22,"column":13}},"loc":{"start":{"line":22,"column":21},"end":{"line":40,"column":1}},"line":22}},"branchMap":{},"s":{"0":0,"1":0,"2":0,"3":0,"4":0,"5":0},"f":{"0":0},"b":{}}
,"C:\\Users\\donghwan\\Desktop\\git\\webos-enact-streaming\\frontend\\src\\App\\AppState.js": {"path":"C:\\Users\\donghwan\\Desktop\\git\\webos-enact-streaming\\frontend\\src\\App\\AppState.js","statementMap":{"0":{"start":{"line":7,"column":32},"end":{"line":11,"column":7}},"1":{"start":{"line":8,"column":1},"end":{"line":11,"column":7}},"2":{"start":{"line":9,"column":19},"end":{"line":9,"column":27}},"3":{"start":{"line":10,"column":2},"end":{"line":10,"column":42}},"4":{"start":{"line":13,"column":31},"end":{"line":17,"column":7}},"5":{"start":{"line":14,"column":1},"end":{"line":17,"column":7}},"6":{"start":{"line":15,"column":2},"end":{"line":15,"column":32}},"7":{"start":{"line":16,"column":2},"end":{"line":16,"column":11}},"8":{"start":{"line":19,"column":37},"end":{"line":25,"column":22}},"9":{"start":{"line":20,"column":1},"end":{"line":25,"column":22}},"10":{"start":{"line":21,"column":2},"end":{"line":21,"column":39}},"11":{"start":{"line":22,"column":2},"end":{"line":24,"column":5}},"12":{"start":{"line":27,"column":30},"end":{"line":30,"column":7}},"13":{"start":{"line":28,"column":1},"end":{"line":30,"column":7}},"14":{"start":{"line":29,"column":2},"end":{"line":29,"column":26}},"15":{"start":{"line":32,"column":31},"end":{"line":36,"column":7}},"16":{"start":{"line":33,"column":1},"end":{"line":36,"column":7}},"17":{"start":{"line":34,"column":2},"end":{"line":34,"column":29}},"18":{"start":{"line":35,"column":2},"end":{"line":35,"column":13}},"19":{"start":{"line":39,"column":32},"end":{"line":66,"column":1}},"20":{"start":{"line":40,"column":32},"end":{"line":40,"column":57}},"21":{"start":{"line":42,"column":2},"end":{"line":42,"column":47}},"22":{"start":{"line":43,"column":28},"end":{"line":43,"column":52}},"23":{"start":{"line":45,"column":1},"end":{"line":65,"column":76}},"24":{"start":{"line":46,"column":17},"end":{"line":50,"column":3}},"25":{"start":{"line":52,"column":2},"end":{"line":56,"column":3}},"26":{"start":{"line":53,"column":3},"end":{"line":55,"column":4}},"27":{"start":{"line":54,"column":4},"end":{"line":54,"column":52}},"28":{"start":{"line":58,"column":2},"end":{"line":64,"column":4}},"29":{"start":{"line":59,"column":3},"end":{"line":63,"column":4}},"30":{"start":{"line":60,"column":4},"end":{"line":62,"column":5}},"31":{"start":{"line":61,"column":5},"end":{"line":61,"column":56}},"32":{"start":{"line":69,"column":32},"end":{"line":71,"column":1}},"33":{"start":{"line":70,"column":1},"end":{"line":70,"column":14}}},"fnMap":{"0":{"name":"(anonymous_0)","decl":{"start":{"line":7,"column":32},"end":{"line":7,"column":33}},"loc":{"start":{"line":8,"column":1},"end":{"line":11,"column":7}},"line":8},"1":{"name":"(anonymous_1)","decl":{"start":{"line":8,"column":13},"end":{"line":8,"column":14}},"loc":{"start":{"line":8,"column":19},"end":{"line":11,"column":2}},"line":8},"2":{"name":"(anonymous_2)","decl":{"start":{"line":13,"column":31},"end":{"line":13,"column":32}},"loc":{"start":{"line":14,"column":1},"end":{"line":17,"column":7}},"line":14},"3":{"name":"(anonymous_3)","decl":{"start":{"line":14,"column":13},"end":{"line":14,"column":14}},"loc":{"start":{"line":14,"column":19},"end":{"line":17,"column":2}},"line":14},"4":{"name":"(anonymous_4)","decl":{"start":{"line":19,"column":37},"end":{"line":19,"column":38}},"loc":{"start":{"line":20,"column":1},"end":{"line":25,"column":22}},"line":20},"5":{"name":"(anonymous_5)","decl":{"start":{"line":20,"column":13},"end":{"line":20,"column":14}},"loc":{"start":{"line":20,"column":19},"end":{"line":25,"column":2}},"line":20},"6":{"name":"(anonymous_6)","decl":{"start":{"line":27,"column":30},"end":{"line":27,"column":31}},"loc":{"start":{"line":28,"column":1},"end":{"line":30,"column":7}},"line":28},"7":{"name":"(anonymous_7)","decl":{"start":{"line":28,"column":13},"end":{"line":28,"column":14}},"loc":{"start":{"line":28,"column":19},"end":{"line":30,"column":2}},"line":28},"8":{"name":"(anonymous_8)","decl":{"start":{"line":32,"column":31},"end":{"line":32,"column":32}},"loc":{"start":{"line":33,"column":1},"end":{"line":36,"column":7}},"line":33},"9":{"name":"(anonymous_9)","decl":{"start":{"line":33,"column":13},"end":{"line":33,"column":14}},"loc":{"start":{"line":33,"column":19},"end":{"line":36,"column":2}},"line":33},"10":{"name":"(anonymous_10)","decl":{"start":{"line":39,"column":32},"end":{"line":39,"column":33}},"loc":{"start":{"line":39,"column":51},"end":{"line":66,"column":1}},"line":39},"11":{"name":"(anonymous_11)","decl":{"start":{"line":45,"column":11},"end":{"line":45,"column":12}},"loc":{"start":{"line":45,"column":17},"end":{"line":65,"column":2}},"line":45},"12":{"name":"(anonymous_12)","decl":{"start":{"line":58,"column":9},"end":{"line":58,"column":10}},"loc":{"start":{"line":58,"column":15},"end":{"line":64,"column":3}},"line":58},"13":{"name":"(anonymous_13)","decl":{"start":{"line":69,"column":32},"end":{"line":69,"column":33}},"loc":{"start":{"line":69,"column":38},"end":{"line":71,"column":1}},"line":69}},"branchMap":{"0":{"loc":{"start":{"line":52,"column":2},"end":{"line":56,"column":3}},"type":"if","locations":[{"start":{"line":52,"column":2},"end":{"line":56,"column":3}},{"start":{},"end":{}}],"line":52},"1":{"loc":{"start":{"line":59,"column":3},"end":{"line":63,"column":4}},"type":"if","locations":[{"start":{"line":59,"column":3},"end":{"line":63,"column":4}},{"start":{},"end":{}}],"line":59}},"s":{"0":0,"1":0,"2":0,"3":0,"4":0,"5":0,"6":0,"7":0,"8":0,"9":0,"10":0,"11":0,"12":0,"13":0,"14":0,"15":0,"16":0,"17":0,"18":0,"19":0,"20":0,"21":0,"22":0,"23":0,"24":0,"25":0,"26":0,"27":0,"28":0,"29":0,"30":0,"31":0,"32":0,"33":0},"f":{"0":0,"1":0,"2":0,"3":0,"4":0,"5":0,"6":0,"7":0,"8":0,"9":0,"10":0,"11":0,"12":0,"13":0},"b":{"0":[0,0],"1":[0,0]}}
,"C:\\Users\\donghwan\\Desktop\\git\\webos-enact-streaming\\frontend\\src\\constants\\domEvents.js": {"path":"C:\\Users\\donghwan\\Desktop\\git\\webos-enact-streaming\\frontend\\src\\constants\\domEvents.js","statementMap":{"0":{"start":{"line":1,"column":22},"end":{"line":1,"column":29}},"1":{"start":{"line":2,"column":41},"end":{"line":2,"column":66}},"2":{"start":{"line":3,"column":33},"end":{"line":3,"column":51}},"3":{"start":{"line":4,"column":42},"end":{"line":4,"column":67}},"4":{"start":{"line":5,"column":35},"end":{"line":5,"column":54}},"5":{"start":{"line":6,"column":30},"end":{"line":6,"column":45}}},"fnMap":{},"branchMap":{},"s":{"0":0,"1":0,"2":0,"3":0,"4":0,"5":0},"f":{},"b":{}}
,"C:\\Users\\donghwan\\Desktop\\git\\webos-enact-streaming\\frontend\\src\\hooks\\configs.js": {"path":"C:\\Users\\donghwan\\Desktop\\git\\webos-enact-streaming\\frontend\\src\\hooks\\configs.js","statementMap":{"0":{"start":{"line":7,"column":26},"end":{"line":38,"column":1}},"1":{"start":{"line":8,"column":13},"end":{"line":8,"column":25}},"2":{"start":{"line":9,"column":27},"end":{"line":9,"column":57}},"3":{"start":{"line":11,"column":1},"end":{"line":35,"column":8}},"4":{"start":{"line":12,"column":2},"end":{"line":27,"column":3}},"5":{"start":{"line":13,"column":3},"end":{"line":13,"column":34}},"6":{"start":{"line":14,"column":3},"end":{"line":26,"column":6}},"7":{"start":{"line":20,"column":5},"end":{"line":20,"column":37}},"8":{"start":{"line":21,"column":5},"end":{"line":21,"column":19}},"9":{"start":{"line":24,"column":5},"end":{"line":24,"column":37}},"10":{"start":{"line":29,"column":2},"end":{"line":34,"column":4}},"11":{"start":{"line":30,"column":3},"end":{"line":33,"column":4}},"12":{"start":{"line":31,"column":4},"end":{"line":31,"column":25}},"13":{"start":{"line":32,"column":4},"end":{"line":32,"column":23}},"14":{"start":{"line":37,"column":1},"end":{"line":37,"column":14}}},"fnMap":{"0":{"name":"(anonymous_0)","decl":{"start":{"line":7,"column":26},"end":{"line":7,"column":27}},"loc":{"start":{"line":7,"column":32},"end":{"line":38,"column":1}},"line":7},"1":{"name":"(anonymous_1)","decl":{"start":{"line":11,"column":11},"end":{"line":11,"column":12}},"loc":{"start":{"line":11,"column":17},"end":{"line":35,"column":2}},"line":11},"2":{"name":"(anonymous_2)","decl":{"start":{"line":19,"column":15},"end":{"line":19,"column":16}},"loc":{"start":{"line":19,"column":22},"end":{"line":22,"column":5}},"line":19},"3":{"name":"(anonymous_3)","decl":{"start":{"line":23,"column":15},"end":{"line":23,"column":16}},"loc":{"start":{"line":23,"column":22},"end":{"line":25,"column":5}},"line":23},"4":{"name":"(anonymous_4)","decl":{"start":{"line":29,"column":9},"end":{"line":29,"column":10}},"loc":{"start":{"line":29,"column":15},"end":{"line":34,"column":3}},"line":29}},"branchMap":{"0":{"loc":{"start":{"line":12,"column":2},"end":{"line":27,"column":3}},"type":"if","locations":[{"start":{"line":12,"column":2},"end":{"line":27,"column":3}},{"start":{},"end":{}}],"line":12},"1":{"loc":{"start":{"line":30,"column":3},"end":{"line":33,"column":4}},"type":"if","locations":[{"start":{"line":30,"column":3},"end":{"line":33,"column":4}},{"start":{},"end":{}}],"line":30}},"s":{"0":0,"1":0,"2":0,"3":0,"4":0,"5":0,"6":0,"7":0,"8":0,"9":0,"10":0,"11":0,"12":0,"13":0,"14":0},"f":{"0":0,"1":0,"2":0,"3":0,"4":0},"b":{"0":[0,0],"1":[0,0]}}
,"C:\\Users\\donghwan\\Desktop\\git\\webos-enact-streaming\\frontend\\src\\hooks\\server.js": {"path":"C:\\Users\\donghwan\\Desktop\\git\\webos-enact-streaming\\frontend\\src\\hooks\\server.js","statementMap":{"0":{"start":{"line":3,"column":16},"end":{"line":3,"column":42}},"1":{"start":{"line":5,"column":21},"end":{"line":8,"column":1}},"2":{"start":{"line":6,"column":21},"end":{"line":6,"column":56}},"3":{"start":{"line":7,"column":4},"end":{"line":7,"column":25}},"4":{"start":{"line":10,"column":20},"end":{"line":16,"column":1}},"5":{"start":{"line":11,"column":19},"end":{"line":11,"column":49}},"6":{"start":{"line":12,"column":2},"end":{"line":14,"column":3}},"7":{"start":{"line":13,"column":4},"end":{"line":13,"column":16}},"8":{"start":{"line":15,"column":2},"end":{"line":15,"column":15}},"9":{"start":{"line":18,"column":30},"end":{"line":25,"column":1}},"10":{"start":{"line":19,"column":2},"end":{"line":24,"column":2}},"11":{"start":{"line":20,"column":21},"end":{"line":20,"column":60}},"12":{"start":{"line":21,"column":4},"end":{"line":21,"column":25}},"13":{"start":{"line":23,"column":4},"end":{"line":23,"column":25}},"14":{"start":{"line":27,"column":25},"end":{"line":36,"column":1}},"15":{"start":{"line":28,"column":2},"end":{"line":35,"column":3}},"16":{"start":{"line":29,"column":21},"end":{"line":31,"column":6}},"17":{"start":{"line":32,"column":4},"end":{"line":32,"column":25}},"18":{"start":{"line":34,"column":4},"end":{"line":34,"column":25}},"19":{"start":{"line":38,"column":21},"end":{"line":48,"column":1}},"20":{"start":{"line":39,"column":2},"end":{"line":47,"column":3}},"21":{"start":{"line":40,"column":21},"end":{"line":43,"column":6}},"22":{"start":{"line":44,"column":4},"end":{"line":44,"column":25}},"23":{"start":{"line":46,"column":4},"end":{"line":46,"column":25}},"24":{"start":{"line":50,"column":24},"end":{"line":61,"column":1}},"25":{"start":{"line":51,"column":2},"end":{"line":60,"column":3}},"26":{"start":{"line":52,"column":21},"end":{"line":56,"column":6}},"27":{"start":{"line":57,"column":4},"end":{"line":57,"column":25}},"28":{"start":{"line":59,"column":4},"end":{"line":59,"column":25}},"29":{"start":{"line":63,"column":29},"end":{"line":70,"column":1}},"30":{"start":{"line":64,"column":2},"end":{"line":69,"column":3}},"31":{"start":{"line":65,"column":21},"end":{"line":65,"column":72}},"32":{"start":{"line":66,"column":4},"end":{"line":66,"column":25}},"33":{"start":{"line":68,"column":4},"end":{"line":68,"column":25}},"34":{"start":{"line":72,"column":24},"end":{"line":84,"column":1}},"35":{"start":{"line":73,"column":2},"end":{"line":83,"column":3}},"36":{"start":{"line":74,"column":21},"end":{"line":79,"column":6}},"37":{"start":{"line":80,"column":4},"end":{"line":80,"column":25}},"38":{"start":{"line":82,"column":4},"end":{"line":82,"column":25}},"39":{"start":{"line":86,"column":27},"end":{"line":95,"column":1}},"40":{"start":{"line":87,"column":2},"end":{"line":94,"column":3}},"41":{"start":{"line":88,"column":21},"end":{"line":90,"column":6}},"42":{"start":{"line":91,"column":4},"end":{"line":91,"column":25}},"43":{"start":{"line":93,"column":4},"end":{"line":93,"column":25}}},"fnMap":{"0":{"name":"(anonymous_0)","decl":{"start":{"line":5,"column":21},"end":{"line":5,"column":22}},"loc":{"start":{"line":5,"column":33},"end":{"line":8,"column":1}},"line":5},"1":{"name":"(anonymous_1)","decl":{"start":{"line":10,"column":20},"end":{"line":10,"column":21}},"loc":{"start":{"line":10,"column":32},"end":{"line":16,"column":1}},"line":10},"2":{"name":"(anonymous_2)","decl":{"start":{"line":18,"column":30},"end":{"line":18,"column":31}},"loc":{"start":{"line":18,"column":42},"end":{"line":25,"column":1}},"line":18},"3":{"name":"(anonymous_3)","decl":{"start":{"line":27,"column":25},"end":{"line":27,"column":26}},"loc":{"start":{"line":27,"column":42},"end":{"line":36,"column":1}},"line":27},"4":{"name":"(anonymous_4)","decl":{"start":{"line":38,"column":21},"end":{"line":38,"column":22}},"loc":{"start":{"line":38,"column":48},"end":{"line":48,"column":1}},"line":38},"5":{"name":"(anonymous_5)","decl":{"start":{"line":50,"column":24},"end":{"line":50,"column":25}},"loc":{"start":{"line":50,"column":61},"end":{"line":61,"column":1}},"line":50},"6":{"name":"(anonymous_6)","decl":{"start":{"line":63,"column":29},"end":{"line":63,"column":30}},"loc":{"start":{"line":63,"column":45},"end":{"line":70,"column":1}},"line":63},"7":{"name":"(anonymous_7)","decl":{"start":{"line":72,"column":24},"end":{"line":72,"column":25}},"loc":{"start":{"line":72,"column":61},"end":{"line":84,"column":1}},"line":72},"8":{"name":"(anonymous_8)","decl":{"start":{"line":86,"column":27},"end":{"line":86,"column":28}},"loc":{"start":{"line":86,"column":47},"end":{"line":95,"column":1}},"line":86}},"branchMap":{"0":{"loc":{"start":{"line":12,"column":2},"end":{"line":14,"column":3}},"type":"if","locations":[{"start":{"line":12,"column":2},"end":{"line":14,"column":3}},{"start":{},"end":{}}],"line":12}},"s":{"0":0,"1":0,"2":0,"3":0,"4":0,"5":0,"6":0,"7":0,"8":0,"9":0,"10":0,"11":0,"12":0,"13":0,"14":0,"15":0,"16":0,"17":0,"18":0,"19":0,"20":0,"21":0,"22":0,"23":0,"24":0,"25":0,"26":0,"27":0,"28":0,"29":0,"30":0,"31":0,"32":0,"33":0,"34":0,"35":0,"36":0,"37":0,"38":0,"39":0,"40":0,"41":0,"42":0,"43":0},"f":{"0":0,"1":0,"2":0,"3":0,"4":0,"5":0,"6":0,"7":0,"8":0},"b":{"0":[0,0]}}
,"C:\\Users\\donghwan\\Desktop\\git\\webos-enact-streaming\\frontend\\src\\libs\\request.js": {"path":"C:\\Users\\donghwan\\Desktop\\git\\webos-enact-streaming\\frontend\\src\\libs\\request.js","statementMap":{"0":{"start":{"line":5,"column":13},"end":{"line":18,"column":1}},"1":{"start":{"line":6,"column":1},"end":{"line":8,"column":2}},"2":{"start":{"line":7,"column":2},"end":{"line":7,"column":46}},"3":{"start":{"line":10,"column":1},"end":{"line":17,"column":3}},"4":{"start":{"line":11,"column":2},"end":{"line":16,"column":4}},"5":{"start":{"line":20,"column":16},"end":{"line":29,"column":1}},"6":{"start":{"line":20,"column":27},"end":{"line":29,"column":1}},"7":{"start":{"line":22,"column":1},"end":{"line":26,"column":2}},"8":{"start":{"line":28,"column":1},"end":{"line":28,"column":42}}},"fnMap":{"0":{"name":"(anonymous_0)","decl":{"start":{"line":5,"column":13},"end":{"line":5,"column":14}},"loc":{"start":{"line":5,"column":39},"end":{"line":18,"column":1}},"line":5},"1":{"name":"(anonymous_1)","decl":{"start":{"line":10,"column":20},"end":{"line":10,"column":21}},"loc":{"start":{"line":11,"column":2},"end":{"line":16,"column":4}},"line":11},"2":{"name":"(anonymous_2)","decl":{"start":{"line":20,"column":16},"end":{"line":20,"column":17}},"loc":{"start":{"line":20,"column":27},"end":{"line":29,"column":1}},"line":20},"3":{"name":"(anonymous_3)","decl":{"start":{"line":20,"column":27},"end":{"line":20,"column":28}},"loc":{"start":{"line":20,"column":37},"end":{"line":29,"column":1}},"line":20}},"branchMap":{"0":{"loc":{"start":{"line":6,"column":1},"end":{"line":8,"column":2}},"type":"if","locations":[{"start":{"line":6,"column":1},"end":{"line":8,"column":2}},{"start":{},"end":{}}],"line":6},"1":{"loc":{"start":{"line":22,"column":1},"end":{"line":26,"column":2}},"type":"if","locations":[{"start":{},"end":{}}],"line":22}},"s":{"0":0,"1":0,"2":0,"3":0,"4":0,"5":0,"6":0,"7":0,"8":0},"f":{"0":0,"1":0,"2":0,"3":0},"b":{"0":[0,0],"1":[0]}}
,"C:\\Users\\donghwan\\Desktop\\git\\webos-enact-streaming\\frontend\\src\\libs\\services.js": {"path":"C:\\Users\\donghwan\\Desktop\\git\\webos-enact-streaming\\frontend\\src\\libs\\services.js","statementMap":{"0":{"start":{"line":3,"column":12},"end":{"line":3,"column":65}},"1":{"start":{"line":4,"column":29},"end":{"line":5,"column":42}},"2":{"start":{"line":5,"column":1},"end":{"line":5,"column":42}},"3":{"start":{"line":7,"column":12},"end":{"line":7,"column":58}},"4":{"start":{"line":8,"column":22},"end":{"line":8,"column":71}},"5":{"start":{"line":8,"column":36},"end":{"line":8,"column":71}}},"fnMap":{"0":{"name":"(anonymous_0)","decl":{"start":{"line":4,"column":29},"end":{"line":4,"column":30}},"loc":{"start":{"line":5,"column":1},"end":{"line":5,"column":42}},"line":5},"1":{"name":"(anonymous_1)","decl":{"start":{"line":8,"column":22},"end":{"line":8,"column":23}},"loc":{"start":{"line":8,"column":36},"end":{"line":8,"column":71}},"line":8}},"branchMap":{},"s":{"0":0,"1":0,"2":0,"3":0,"4":0,"5":0},"f":{"0":0,"1":0},"b":{}}
,"C:\\Users\\donghwan\\Desktop\\git\\webos-enact-streaming\\frontend\\src\\libs\\testutils.js": {"path":"C:\\Users\\donghwan\\Desktop\\git\\webos-enact-streaming\\frontend\\src\\libs\\testutils.js","statementMap":{"0":{"start":{"line":9,"column":30},"end":{"line":13,"column":1}},"1":{"start":{"line":10,"column":1},"end":{"line":12,"column":4}},"2":{"start":{"line":11,"column":2},"end":{"line":11,"column":42}},"3":{"start":{"line":15,"column":31},"end":{"line":29,"column":1}},"4":{"start":{"line":19,"column":23},"end":{"line":19,"column":52}},"5":{"start":{"line":20,"column":13},"end":{"line":20,"column":15}},"6":{"start":{"line":21,"column":1},"end":{"line":23,"column":2}},"7":{"start":{"line":22,"column":2},"end":{"line":22,"column":46}},"8":{"start":{"line":25,"column":1},"end":{"line":27,"column":4}},"9":{"start":{"line":26,"column":2},"end":{"line":26,"column":45}},"10":{"start":{"line":28,"column":1},"end":{"line":28,"column":21}},"11":{"start":{"line":31,"column":15},"end":{"line":33,"column":1}},"12":{"start":{"line":32,"column":1},"end":{"line":32,"column":41}}},"fnMap":{"0":{"name":"(anonymous_0)","decl":{"start":{"line":9,"column":30},"end":{"line":9,"column":31}},"loc":{"start":{"line":9,"column":36},"end":{"line":13,"column":1}},"line":9},"1":{"name":"(anonymous_1)","decl":{"start":{"line":10,"column":50},"end":{"line":10,"column":51}},"loc":{"start":{"line":10,"column":56},"end":{"line":12,"column":2}},"line":10},"2":{"name":"(anonymous_2)","decl":{"start":{"line":15,"column":31},"end":{"line":15,"column":32}},"loc":{"start":{"line":18,"column":5},"end":{"line":29,"column":1}},"line":18},"3":{"name":"(anonymous_3)","decl":{"start":{"line":25,"column":11},"end":{"line":25,"column":12}},"loc":{"start":{"line":25,"column":23},"end":{"line":27,"column":2}},"line":25},"4":{"name":"(anonymous_4)","decl":{"start":{"line":31,"column":15},"end":{"line":31,"column":16}},"loc":{"start":{"line":31,"column":32},"end":{"line":33,"column":1}},"line":31}},"branchMap":{"0":{"loc":{"start":{"line":17,"column":2},"end":{"line":17,"column":18}},"type":"default-arg","locations":[{"start":{"line":17,"column":13},"end":{"line":17,"column":18}}],"line":17},"1":{"loc":{"start":{"line":21,"column":1},"end":{"line":23,"column":2}},"type":"if","locations":[{"start":{"line":21,"column":1},"end":{"line":23,"column":2}},{"start":{},"end":{}}],"line":21},"2":{"loc":{"start":{"line":31,"column":16},"end":{"line":31,"column":27}},"type":"default-arg","locations":[{"start":{"line":31,"column":25},"end":{"line":31,"column":27}}],"line":31}},"s":{"0":0,"1":0,"2":0,"3":0,"4":0,"5":0,"6":0,"7":0,"8":0,"9":0,"10":0,"11":0,"12":0},"f":{"0":0,"1":0,"2":0,"3":0,"4":0},"b":{"0":[0],"1":[0,0],"2":[0]}}
,"C:\\Users\\donghwan\\Desktop\\git\\webos-enact-streaming\\frontend\\src\\libs\\utils.js": {"path":"C:\\Users\\donghwan\\Desktop\\git\\webos-enact-streaming\\frontend\\src\\libs\\utils.js","statementMap":{"0":{"start":{"line":1,"column":25},"end":{"line":1,"column":57}},"1":{"start":{"line":1,"column":31},"end":{"line":1,"column":57}},"2":{"start":{"line":3,"column":27},"end":{"line":4,"column":54}},"3":{"start":{"line":4,"column":1},"end":{"line":4,"column":54}},"4":{"start":{"line":6,"column":26},"end":{"line":7,"column":68}},"5":{"start":{"line":7,"column":1},"end":{"line":7,"column":68}},"6":{"start":{"line":9,"column":24},"end":{"line":19,"column":1}},"7":{"start":{"line":10,"column":1},"end":{"line":12,"column":2}},"8":{"start":{"line":11,"column":2},"end":{"line":11,"column":9}},"9":{"start":{"line":14,"column":1},"end":{"line":17,"column":2}},"10":{"start":{"line":15,"column":2},"end":{"line":15,"column":36}},"11":{"start":{"line":16,"column":2},"end":{"line":16,"column":9}},"12":{"start":{"line":18,"column":1},"end":{"line":18,"column":28}},"13":{"start":{"line":21,"column":22},"end":{"line":27,"column":1}},"14":{"start":{"line":22,"column":1},"end":{"line":26,"column":2}},"15":{"start":{"line":23,"column":17},"end":{"line":23,"column":32}},"16":{"start":{"line":24,"column":19},"end":{"line":24,"column":59}},"17":{"start":{"line":25,"column":2},"end":{"line":25,"column":52}}},"fnMap":{"0":{"name":"(anonymous_0)","decl":{"start":{"line":1,"column":25},"end":{"line":1,"column":26}},"loc":{"start":{"line":1,"column":31},"end":{"line":1,"column":57}},"line":1},"1":{"name":"(anonymous_1)","decl":{"start":{"line":3,"column":27},"end":{"line":3,"column":28}},"loc":{"start":{"line":4,"column":1},"end":{"line":4,"column":54}},"line":4},"2":{"name":"(anonymous_2)","decl":{"start":{"line":6,"column":26},"end":{"line":6,"column":27}},"loc":{"start":{"line":7,"column":1},"end":{"line":7,"column":68}},"line":7},"3":{"name":"(anonymous_3)","decl":{"start":{"line":9,"column":24},"end":{"line":9,"column":25}},"loc":{"start":{"line":9,"column":38},"end":{"line":19,"column":1}},"line":9},"4":{"name":"(anonymous_4)","decl":{"start":{"line":21,"column":22},"end":{"line":21,"column":23}},"loc":{"start":{"line":21,"column":28},"end":{"line":27,"column":1}},"line":21}},"branchMap":{"0":{"loc":{"start":{"line":4,"column":1},"end":{"line":4,"column":54}},"type":"binary-expr","locations":[{"start":{"line":4,"column":1},"end":{"line":4,"column":12}},{"start":{"line":4,"column":16},"end":{"line":4,"column":54}}],"line":4},"1":{"loc":{"start":{"line":7,"column":1},"end":{"line":7,"column":68}},"type":"binary-expr","locations":[{"start":{"line":7,"column":1},"end":{"line":7,"column":39}},{"start":{"line":7,"column":43},"end":{"line":7,"column":68}}],"line":7},"2":{"loc":{"start":{"line":10,"column":1},"end":{"line":12,"column":2}},"type":"if","locations":[{"start":{"line":10,"column":1},"end":{"line":12,"column":2}},{"start":{},"end":{}}],"line":10},"3":{"loc":{"start":{"line":14,"column":1},"end":{"line":17,"column":2}},"type":"if","locations":[{"start":{"line":14,"column":1},"end":{"line":17,"column":2}},{"start":{},"end":{}}],"line":14},"4":{"loc":{"start":{"line":22,"column":1},"end":{"line":26,"column":2}},"type":"if","locations":[{"start":{"line":22,"column":1},"end":{"line":26,"column":2}},{"start":{},"end":{}}],"line":22}},"s":{"0":0,"1":0,"2":0,"3":0,"4":0,"5":0,"6":0,"7":0,"8":0,"9":0,"10":0,"11":0,"12":0,"13":0,"14":0,"15":0,"16":0,"17":0},"f":{"0":0,"1":0,"2":0,"3":0,"4":0},"b":{"0":[0,0],"1":[0,0],"2":[0,0],"3":[0,0],"4":[0,0]}}
,"C:\\Users\\donghwan\\Desktop\\git\\webos-enact-streaming\\frontend\\src\\views\\Account.js": {"path":"C:\\Users\\donghwan\\Desktop\\git\\webos-enact-streaming\\frontend\\src\\views\\Account.js","statementMap":{"0":{"start":{"line":8,"column":16},"end":{"line":87,"column":1}},"1":{"start":{"line":9,"column":27},"end":{"line":13,"column":3}},"2":{"start":{"line":15,"column":19},"end":{"line":23,"column":2}},"3":{"start":{"line":16,"column":2},"end":{"line":22,"column":3}},"4":{"start":{"line":17,"column":20},"end":{"line":17,"column":49}},"5":{"start":{"line":18,"column":3},"end":{"line":18,"column":36}},"6":{"start":{"line":19,"column":3},"end":{"line":19,"column":51}},"7":{"start":{"line":21,"column":3},"end":{"line":21,"column":22}},"8":{"start":{"line":24,"column":22},"end":{"line":35,"column":2}},"9":{"start":{"line":25,"column":2},"end":{"line":34,"column":41}},"10":{"start":{"line":28,"column":4},"end":{"line":32,"column":8}},"11":{"start":{"line":28,"column":27},"end":{"line":32,"column":5}},"12":{"start":{"line":34,"column":19},"end":{"line":34,"column":39}},"13":{"start":{"line":37,"column":22},"end":{"line":46,"column":2}},"14":{"start":{"line":38,"column":2},"end":{"line":45,"column":3}},"15":{"start":{"line":39,"column":3},"end":{"line":39,"column":42}},"16":{"start":{"line":40,"column":3},"end":{"line":42,"column":7}},"17":{"start":{"line":40,"column":26},"end":{"line":42,"column":4}},"18":{"start":{"line":41,"column":42},"end":{"line":41,"column":57}},"19":{"start":{"line":44,"column":3},"end":{"line":44,"column":24}},"20":{"start":{"line":48,"column":1},"end":{"line":50,"column":8}},"21":{"start":{"line":49,"column":2},"end":{"line":49,"column":14}},"22":{"start":{"line":52,"column":1},"end":{"line":86,"column":3}},"23":{"start":{"line":58,"column":6},"end":{"line":63,"column":11}},"24":{"start":{"line":60,"column":30},"end":{"line":60,"column":52}},"25":{"start":{"line":73,"column":19},"end":{"line":73,"column":63}},"26":{"start":{"line":73,"column":37},"end":{"line":73,"column":61}},"27":{"start":{"line":79,"column":19},"end":{"line":79,"column":64}},"28":{"start":{"line":79,"column":37},"end":{"line":79,"column":62}}},"fnMap":{"0":{"name":"(anonymous_0)","decl":{"start":{"line":8,"column":16},"end":{"line":8,"column":17}},"loc":{"start":{"line":8,"column":22},"end":{"line":87,"column":1}},"line":8},"1":{"name":"(anonymous_1)","decl":{"start":{"line":15,"column":19},"end":{"line":15,"column":20}},"loc":{"start":{"line":15,"column":31},"end":{"line":23,"column":2}},"line":15},"2":{"name":"(anonymous_2)","decl":{"start":{"line":24,"column":22},"end":{"line":24,"column":23}},"loc":{"start":{"line":24,"column":28},"end":{"line":35,"column":2}},"line":24},"3":{"name":"(anonymous_3)","decl":{"start":{"line":27,"column":9},"end":{"line":27,"column":10}},"loc":{"start":{"line":27,"column":21},"end":{"line":33,"column":4}},"line":27},"4":{"name":"(anonymous_4)","decl":{"start":{"line":28,"column":13},"end":{"line":28,"column":14}},"loc":{"start":{"line":28,"column":27},"end":{"line":32,"column":5}},"line":28},"5":{"name":"(anonymous_5)","decl":{"start":{"line":34,"column":10},"end":{"line":34,"column":11}},"loc":{"start":{"line":34,"column":19},"end":{"line":34,"column":39}},"line":34},"6":{"name":"(anonymous_6)","decl":{"start":{"line":37,"column":22},"end":{"line":37,"column":23}},"loc":{"start":{"line":37,"column":34},"end":{"line":46,"column":2}},"line":37},"7":{"name":"(anonymous_7)","decl":{"start":{"line":40,"column":12},"end":{"line":40,"column":13}},"loc":{"start":{"line":40,"column":26},"end":{"line":42,"column":4}},"line":40},"8":{"name":"(anonymous_8)","decl":{"start":{"line":41,"column":34},"end":{"line":41,"column":35}},"loc":{"start":{"line":41,"column":42},"end":{"line":41,"column":57}},"line":41},"9":{"name":"(anonymous_9)","decl":{"start":{"line":48,"column":11},"end":{"line":48,"column":12}},"loc":{"start":{"line":48,"column":17},"end":{"line":50,"column":2}},"line":48},"10":{"name":"(anonymous_10)","decl":{"start":{"line":57,"column":22},"end":{"line":57,"column":23}},"loc":{"start":{"line":58,"column":6},"end":{"line":63,"column":11}},"line":58},"11":{"name":"(anonymous_11)","decl":{"start":{"line":60,"column":24},"end":{"line":60,"column":25}},"loc":{"start":{"line":60,"column":30},"end":{"line":60,"column":52}},"line":60},"12":{"name":"(anonymous_12)","decl":{"start":{"line":73,"column":14},"end":{"line":73,"column":15}},"loc":{"start":{"line":73,"column":19},"end":{"line":73,"column":63}},"line":73},"13":{"name":"(anonymous_13)","decl":{"start":{"line":73,"column":28},"end":{"line":73,"column":29}},"loc":{"start":{"line":73,"column":37},"end":{"line":73,"column":61}},"line":73},"14":{"name":"(anonymous_14)","decl":{"start":{"line":79,"column":14},"end":{"line":79,"column":15}},"loc":{"start":{"line":79,"column":19},"end":{"line":79,"column":64}},"line":79},"15":{"name":"(anonymous_15)","decl":{"start":{"line":79,"column":28},"end":{"line":79,"column":29}},"loc":{"start":{"line":79,"column":37},"end":{"line":79,"column":62}},"line":79}},"branchMap":{"0":{"loc":{"start":{"line":55,"column":4},"end":{"line":68,"column":4}},"type":"cond-expr","locations":[{"start":{"line":56,"column":4},"end":{"line":65,"column":9}},{"start":{"line":67,"column":4},"end":{"line":67,"column":40}}],"line":55}},"s":{"0":0,"1":0,"2":0,"3":0,"4":0,"5":0,"6":0,"7":0,"8":0,"9":0,"10":0,"11":0,"12":0,"13":0,"14":0,"15":0,"16":0,"17":0,"18":0,"19":0,"20":0,"21":0,"22":0,"23":0,"24":0,"25":0,"26":0,"27":0,"28":0},"f":{"0":0,"1":0,"2":0,"3":0,"4":0,"5":0,"6":0,"7":0,"8":0,"9":0,"10":0,"11":0,"12":0,"13":0,"14":0,"15":0},"b":{"0":[0,0]}}
,"C:\\Users\\donghwan\\Desktop\\git\\webos-enact-streaming\\frontend\\src\\views\\HLSVideo.js": {"path":"C:\\Users\\donghwan\\Desktop\\git\\webos-enact-streaming\\frontend\\src\\views\\HLSVideo.js","statementMap":{"0":{"start":{"line":5,"column":17},"end":{"line":98,"column":1}},"1":{"start":{"line":6,"column":18},"end":{"line":6,"column":30}},"2":{"start":{"line":7,"column":16},"end":{"line":7,"column":28}},"3":{"start":{"line":9,"column":1},"end":{"line":67,"column":17}},"4":{"start":{"line":10,"column":2},"end":{"line":66,"column":3}},"5":{"start":{"line":11,"column":17},"end":{"line":11,"column":33}},"6":{"start":{"line":12,"column":15},"end":{"line":12,"column":24}},"7":{"start":{"line":13,"column":3},"end":{"line":13,"column":29}},"8":{"start":{"line":14,"column":3},"end":{"line":14,"column":26}},"9":{"start":{"line":17,"column":3},"end":{"line":24,"column":6}},"10":{"start":{"line":18,"column":4},"end":{"line":22,"column":6}},"11":{"start":{"line":23,"column":4},"end":{"line":23,"column":17}},"12":{"start":{"line":25,"column":3},"end":{"line":25,"column":24}},"13":{"start":{"line":29,"column":3},"end":{"line":65,"column":6}},"14":{"start":{"line":30,"column":4},"end":{"line":32,"column":6}},"15":{"start":{"line":33,"column":4},"end":{"line":36,"column":6}},"16":{"start":{"line":38,"column":18},"end":{"line":38,"column":34}},"17":{"start":{"line":39,"column":18},"end":{"line":39,"column":35}},"18":{"start":{"line":41,"column":4},"end":{"line":41,"column":64}},"19":{"start":{"line":42,"column":4},"end":{"line":42,"column":52}},"20":{"start":{"line":43,"column":4},"end":{"line":43,"column":58}},"21":{"start":{"line":45,"column":4},"end":{"line":64,"column":5}},"22":{"start":{"line":46,"column":5},"end":{"line":51,"column":6}},"23":{"start":{"line":47,"column":6},"end":{"line":50,"column":8}},"24":{"start":{"line":52,"column":5},"end":{"line":63,"column":6}},"25":{"start":{"line":53,"column":6},"end":{"line":56,"column":8}},"26":{"start":{"line":57,"column":6},"end":{"line":62,"column":7}},"27":{"start":{"line":58,"column":7},"end":{"line":61,"column":9}},"28":{"start":{"line":69,"column":25},"end":{"line":72,"column":7}},"29":{"start":{"line":70,"column":2},"end":{"line":70,"column":33}},"30":{"start":{"line":71,"column":2},"end":{"line":71,"column":34}},"31":{"start":{"line":74,"column":25},"end":{"line":77,"column":7}},"32":{"start":{"line":75,"column":2},"end":{"line":75,"column":33}},"33":{"start":{"line":76,"column":2},"end":{"line":76,"column":35}},"34":{"start":{"line":79,"column":1},"end":{"line":97,"column":3}}},"fnMap":{"0":{"name":"(anonymous_0)","decl":{"start":{"line":5,"column":17},"end":{"line":5,"column":18}},"loc":{"start":{"line":5,"column":28},"end":{"line":98,"column":1}},"line":5},"1":{"name":"(anonymous_1)","decl":{"start":{"line":9,"column":11},"end":{"line":9,"column":12}},"loc":{"start":{"line":9,"column":17},"end":{"line":67,"column":2}},"line":9},"2":{"name":"(anonymous_2)","decl":{"start":{"line":17,"column":38},"end":{"line":17,"column":39}},"loc":{"start":{"line":17,"column":61},"end":{"line":24,"column":4}},"line":17},"3":{"name":"(anonymous_3)","decl":{"start":{"line":29,"column":34},"end":{"line":29,"column":35}},"loc":{"start":{"line":29,"column":57},"end":{"line":65,"column":4}},"line":29},"4":{"name":"(anonymous_4)","decl":{"start":{"line":69,"column":37},"end":{"line":69,"column":38}},"loc":{"start":{"line":69,"column":43},"end":{"line":72,"column":2}},"line":69},"5":{"name":"(anonymous_5)","decl":{"start":{"line":74,"column":37},"end":{"line":74,"column":38}},"loc":{"start":{"line":74,"column":43},"end":{"line":77,"column":2}},"line":74}},"branchMap":{"0":{"loc":{"start":{"line":10,"column":2},"end":{"line":66,"column":3}},"type":"if","locations":[{"start":{"line":10,"column":2},"end":{"line":66,"column":3}},{"start":{},"end":{}}],"line":10},"1":{"loc":{"start":{"line":45,"column":4},"end":{"line":64,"column":5}},"type":"if","locations":[{"start":{"line":45,"column":4},"end":{"line":64,"column":5}},{"start":{},"end":{}}],"line":45},"2":{"loc":{"start":{"line":46,"column":5},"end":{"line":51,"column":6}},"type":"if","locations":[{"start":{"line":46,"column":5},"end":{"line":51,"column":6}},{"start":{},"end":{}}],"line":46},"3":{"loc":{"start":{"line":52,"column":5},"end":{"line":63,"column":6}},"type":"if","locations":[{"start":{"line":52,"column":5},"end":{"line":63,"column":6}},{"start":{},"end":{}}],"line":52},"4":{"loc":{"start":{"line":57,"column":6},"end":{"line":62,"column":7}},"type":"if","locations":[{"start":{"line":57,"column":6},"end":{"line":62,"column":7}},{"start":{},"end":{}}],"line":57},"5":{"loc":{"start":{"line":57,"column":10},"end":{"line":57,"column":36}},"type":"binary-expr","locations":[{"start":{"line":57,"column":10},"end":{"line":57,"column":22}},{"start":{"line":57,"column":26},"end":{"line":57,"column":36}}],"line":57}},"s":{"0":0,"1":0,"2":0,"3":0,"4":0,"5":0,"6":0,"7":0,"8":0,"9":0,"10":0,"11":0,"12":0,"13":0,"14":0,"15":0,"16":0,"17":0,"18":0,"19":0,"20":0,"21":0,"22":0,"23":0,"24":0,"25":0,"26":0,"27":0,"28":0,"29":0,"30":0,"31":0,"32":0,"33":0,"34":0},"f":{"0":0,"1":0,"2":0,"3":0,"4":0,"5":0},"b":{"0":[0,0],"1":[0,0],"2":[0,0],"3":[0,0],"4":[0,0],"5":[0,0]}}
,"C:\\Users\\donghwan\\Desktop\\git\\webos-enact-streaming\\frontend\\src\\views\\Home.js": {"path":"C:\\Users\\donghwan\\Desktop\\git\\webos-enact-streaming\\frontend\\src\\views\\Home.js","statementMap":{"0":{"start":{"line":30,"column":13},"end":{"line":126,"column":1}},"1":{"start":{"line":31,"column":14},"end":{"line":31,"column":26}},"2":{"start":{"line":32,"column":58},"end":{"line":32,"column":68}},"3":{"start":{"line":33,"column":29},"end":{"line":33,"column":41}},"4":{"start":{"line":34,"column":27},"end":{"line":37,"column":3}},"5":{"start":{"line":38,"column":20},"end":{"line":43,"column":2}},"6":{"start":{"line":40,"column":18},"end":{"line":40,"column":39}},"7":{"start":{"line":41,"column":18},"end":{"line":41,"column":39}},"8":{"start":{"line":42,"column":2},"end":{"line":42,"column":64}},"9":{"start":{"line":45,"column":1},"end":{"line":55,"column":10}},"10":{"start":{"line":47,"column":4},"end":{"line":52,"column":5}},"11":{"start":{"line":48,"column":22},"end":{"line":48,"column":44}},"12":{"start":{"line":49,"column":3},"end":{"line":49,"column":25}},"13":{"start":{"line":51,"column":3},"end":{"line":51,"column":24}},"14":{"start":{"line":54,"column":2},"end":{"line":54,"column":14}},"15":{"start":{"line":65,"column":25},"end":{"line":65,"column":82}},"16":{"start":{"line":68,"column":26},"end":{"line":68,"column":139}},"17":{"start":{"line":68,"column":73},"end":{"line":68,"column":133}},"18":{"start":{"line":83,"column":1},"end":{"line":125,"column":3}},"19":{"start":{"line":92,"column":19},"end":{"line":92,"column":63}},"20":{"start":{"line":92,"column":37},"end":{"line":92,"column":61}},"21":{"start":{"line":103,"column":31},"end":{"line":103,"column":102}},"22":{"start":{"line":103,"column":49},"end":{"line":103,"column":100}},"23":{"start":{"line":116,"column":10},"end":{"line":118,"column":25}}},"fnMap":{"0":{"name":"(anonymous_0)","decl":{"start":{"line":30,"column":13},"end":{"line":30,"column":14}},"loc":{"start":{"line":30,"column":19},"end":{"line":126,"column":1}},"line":30},"1":{"name":"(anonymous_1)","decl":{"start":{"line":38,"column":20},"end":{"line":38,"column":21}},"loc":{"start":{"line":39,"column":1},"end":{"line":43,"column":2}},"line":39},"2":{"name":"(anonymous_2)","decl":{"start":{"line":45,"column":11},"end":{"line":45,"column":12}},"loc":{"start":{"line":45,"column":17},"end":{"line":55,"column":4}},"line":45},"3":{"name":"fetchData","decl":{"start":{"line":46,"column":17},"end":{"line":46,"column":26}},"loc":{"start":{"line":46,"column":29},"end":{"line":53,"column":3}},"line":46},"4":{"name":"(anonymous_4)","decl":{"start":{"line":68,"column":64},"end":{"line":68,"column":65}},"loc":{"start":{"line":68,"column":73},"end":{"line":68,"column":133}},"line":68},"5":{"name":"(anonymous_5)","decl":{"start":{"line":92,"column":14},"end":{"line":92,"column":15}},"loc":{"start":{"line":92,"column":19},"end":{"line":92,"column":63}},"line":92},"6":{"name":"(anonymous_6)","decl":{"start":{"line":92,"column":28},"end":{"line":92,"column":29}},"loc":{"start":{"line":92,"column":37},"end":{"line":92,"column":61}},"line":92},"7":{"name":"(anonymous_7)","decl":{"start":{"line":103,"column":25},"end":{"line":103,"column":26}},"loc":{"start":{"line":103,"column":31},"end":{"line":103,"column":102}},"line":103},"8":{"name":"(anonymous_8)","decl":{"start":{"line":103,"column":40},"end":{"line":103,"column":41}},"loc":{"start":{"line":103,"column":49},"end":{"line":103,"column":100}},"line":103},"9":{"name":"(anonymous_9)","decl":{"start":{"line":115,"column":25},"end":{"line":115,"column":26}},"loc":{"start":{"line":116,"column":10},"end":{"line":118,"column":25}},"line":116}},"branchMap":{"0":{"loc":{"start":{"line":42,"column":23},"end":{"line":42,"column":61}},"type":"cond-expr","locations":[{"start":{"line":42,"column":38},"end":{"line":42,"column":51}},{"start":{"line":42,"column":54},"end":{"line":42,"column":61}}],"line":42},"1":{"loc":{"start":{"line":68,"column":26},"end":{"line":68,"column":139}},"type":"cond-expr","locations":[{"start":{"line":68,"column":50},"end":{"line":68,"column":134}},{"start":{"line":68,"column":137},"end":{"line":68,"column":139}}],"line":68}},"s":{"0":0,"1":0,"2":0,"3":0,"4":0,"5":0,"6":0,"7":0,"8":0,"9":0,"10":0,"11":0,"12":0,"13":0,"14":0,"15":0,"16":0,"17":0,"18":0,"19":0,"20":0,"21":0,"22":0,"23":0},"f":{"0":0,"1":0,"2":0,"3":0,"4":0,"5":0,"6":0,"7":0,"8":0,"9":0},"b":{"0":[0,0],"1":[0,0]}}
,"C:\\Users\\donghwan\\Desktop\\git\\webos-enact-streaming\\frontend\\src\\views\\HomeState.js": {"path":"C:\\Users\\donghwan\\Desktop\\git\\webos-enact-streaming\\frontend\\src\\views\\HomeState.js","statementMap":{"0":{"start":{"line":10,"column":24},"end":{"line":23,"column":1}},"1":{"start":{"line":11,"column":34},"end":{"line":11,"column":49}},"2":{"start":{"line":13,"column":25},"end":{"line":15,"column":7}},"3":{"start":{"line":14,"column":2},"end":{"line":14,"column":18}},"4":{"start":{"line":17,"column":26},"end":{"line":20,"column":7}},"5":{"start":{"line":18,"column":2},"end":{"line":18,"column":54}},"6":{"start":{"line":19,"column":2},"end":{"line":19,"column":19}},"7":{"start":{"line":22,"column":1},"end":{"line":22,"column":57}},"8":{"start":{"line":26,"column":28},"end":{"line":44,"column":1}},"9":{"start":{"line":27,"column":40},"end":{"line":27,"column":51}},"10":{"start":{"line":28,"column":19},"end":{"line":28,"column":31}},"11":{"start":{"line":30,"column":27},"end":{"line":32,"column":8}},"12":{"start":{"line":31,"column":4},"end":{"line":31,"column":49}},"13":{"start":{"line":34,"column":2},"end":{"line":41,"column":25}},"14":{"start":{"line":35,"column":25},"end":{"line":35,"column":41}},"15":{"start":{"line":36,"column":4},"end":{"line":36,"column":66}},"16":{"start":{"line":38,"column":4},"end":{"line":40,"column":6}},"17":{"start":{"line":39,"column":6},"end":{"line":39,"column":71}},"18":{"start":{"line":43,"column":2},"end":{"line":43,"column":35}}},"fnMap":{"0":{"name":"(anonymous_0)","decl":{"start":{"line":10,"column":24},"end":{"line":10,"column":25}},"loc":{"start":{"line":10,"column":30},"end":{"line":23,"column":1}},"line":10},"1":{"name":"(anonymous_1)","decl":{"start":{"line":13,"column":37},"end":{"line":13,"column":38}},"loc":{"start":{"line":13,"column":43},"end":{"line":15,"column":2}},"line":13},"2":{"name":"(anonymous_2)","decl":{"start":{"line":17,"column":38},"end":{"line":17,"column":39}},"loc":{"start":{"line":17,"column":44},"end":{"line":20,"column":2}},"line":17},"3":{"name":"(anonymous_3)","decl":{"start":{"line":26,"column":28},"end":{"line":26,"column":29}},"loc":{"start":{"line":26,"column":37},"end":{"line":44,"column":1}},"line":26},"4":{"name":"(anonymous_4)","decl":{"start":{"line":30,"column":39},"end":{"line":30,"column":40}},"loc":{"start":{"line":30,"column":45},"end":{"line":32,"column":3}},"line":30},"5":{"name":"(anonymous_5)","decl":{"start":{"line":34,"column":12},"end":{"line":34,"column":13}},"loc":{"start":{"line":34,"column":18},"end":{"line":41,"column":3}},"line":34},"6":{"name":"(anonymous_6)","decl":{"start":{"line":38,"column":11},"end":{"line":38,"column":12}},"loc":{"start":{"line":38,"column":17},"end":{"line":40,"column":5}},"line":38}},"branchMap":{},"s":{"0":0,"1":0,"2":0,"3":0,"4":0,"5":0,"6":0,"7":0,"8":0,"9":0,"10":0,"11":0,"12":0,"13":0,"14":0,"15":0,"16":0,"17":0,"18":0},"f":{"0":0,"1":0,"2":0,"3":0,"4":0,"5":0,"6":0},"b":{}}
,"C:\\Users\\donghwan\\Desktop\\git\\webos-enact-streaming\\frontend\\src\\views\\Main.js": {"path":"C:\\Users\\donghwan\\Desktop\\git\\webos-enact-streaming\\frontend\\src\\views\\Main.js","statementMap":{"0":{"start":{"line":15,"column":13},"end":{"line":42,"column":1}},"1":{"start":{"line":16,"column":1},"end":{"line":41,"column":3}}},"fnMap":{"0":{"name":"(anonymous_0)","decl":{"start":{"line":15,"column":13},"end":{"line":15,"column":14}},"loc":{"start":{"line":15,"column":24},"end":{"line":42,"column":1}},"line":15}},"branchMap":{},"s":{"0":0,"1":0},"f":{"0":0},"b":{}}
,"C:\\Users\\donghwan\\Desktop\\git\\webos-enact-streaming\\frontend\\src\\views\\MyPage.js": {"path":"C:\\Users\\donghwan\\Desktop\\git\\webos-enact-streaming\\frontend\\src\\views\\MyPage.js","statementMap":{"0":{"start":{"line":13,"column":16},"end":{"line":13,"column":42}},"1":{"start":{"line":15,"column":15},"end":{"line":184,"column":1}},"2":{"start":{"line":17,"column":38},"end":{"line":17,"column":53}},"3":{"start":{"line":18,"column":36},"end":{"line":18,"column":53}},"4":{"start":{"line":19,"column":28},"end":{"line":19,"column":40}},"5":{"start":{"line":20,"column":34},"end":{"line":20,"column":46}},"6":{"start":{"line":21,"column":26},"end":{"line":21,"column":38}},"7":{"start":{"line":22,"column":26},"end":{"line":22,"column":40}},"8":{"start":{"line":24,"column":16},"end":{"line":42,"column":3}},"9":{"start":{"line":25,"column":4},"end":{"line":41,"column":5}},"10":{"start":{"line":26,"column":23},"end":{"line":38,"column":8}},"11":{"start":{"line":30,"column":8},"end":{"line":35,"column":10}},"12":{"start":{"line":31,"column":10},"end":{"line":31,"column":32}},"13":{"start":{"line":32,"column":10},"end":{"line":32,"column":30}},"14":{"start":{"line":34,"column":10},"end":{"line":34,"column":66}},"15":{"start":{"line":37,"column":8},"end":{"line":37,"column":54}},"16":{"start":{"line":40,"column":6},"end":{"line":40,"column":44}},"17":{"start":{"line":44,"column":17},"end":{"line":46,"column":3}},"18":{"start":{"line":45,"column":4},"end":{"line":45,"column":18}},"19":{"start":{"line":48,"column":25},"end":{"line":55,"column":3}},"20":{"start":{"line":50,"column":26},"end":{"line":53,"column":5}},"21":{"start":{"line":57,"column":30},"end":{"line":64,"column":3}},"22":{"start":{"line":59,"column":31},"end":{"line":62,"column":5}},"23":{"start":{"line":66,"column":19},"end":{"line":77,"column":3}},"24":{"start":{"line":67,"column":4},"end":{"line":76,"column":5}},"25":{"start":{"line":68,"column":23},"end":{"line":72,"column":8}},"26":{"start":{"line":73,"column":6},"end":{"line":73,"column":27}},"27":{"start":{"line":75,"column":6},"end":{"line":75,"column":27}},"28":{"start":{"line":79,"column":30},"end":{"line":88,"column":3}},"29":{"start":{"line":80,"column":4},"end":{"line":87,"column":5}},"30":{"start":{"line":81,"column":22},"end":{"line":81,"column":59}},"31":{"start":{"line":82,"column":6},"end":{"line":84,"column":7}},"32":{"start":{"line":83,"column":8},"end":{"line":83,"column":28}},"33":{"start":{"line":86,"column":6},"end":{"line":86,"column":54}},"34":{"start":{"line":89,"column":2},"end":{"line":183,"column":4}},"35":{"start":{"line":111,"column":20},"end":{"line":116,"column":22}},"36":{"start":{"line":141,"column":35},"end":{"line":141,"column":57}},"37":{"start":{"line":141,"column":58},"end":{"line":141,"column":77}},"38":{"start":{"line":142,"column":35},"end":{"line":142,"column":58}},"39":{"start":{"line":142,"column":59},"end":{"line":142,"column":78}},"40":{"start":{"line":146,"column":47},"end":{"line":146,"column":66}},"41":{"start":{"line":151,"column":85},"end":{"line":151,"column":100}},"42":{"start":{"line":152,"column":91},"end":{"line":152,"column":109}},"43":{"start":{"line":155,"column":77},"end":{"line":155,"column":99}},"44":{"start":{"line":158,"column":77},"end":{"line":158,"column":96}},"45":{"start":{"line":167,"column":83},"end":{"line":167,"column":97}},"46":{"start":{"line":168,"column":85},"end":{"line":168,"column":100}},"47":{"start":{"line":169,"column":91},"end":{"line":169,"column":109}},"48":{"start":{"line":175,"column":77},"end":{"line":175,"column":96}}},"fnMap":{"0":{"name":"(anonymous_0)","decl":{"start":{"line":15,"column":15},"end":{"line":15,"column":16}},"loc":{"start":{"line":15,"column":21},"end":{"line":184,"column":1}},"line":15},"1":{"name":"(anonymous_1)","decl":{"start":{"line":24,"column":16},"end":{"line":24,"column":17}},"loc":{"start":{"line":24,"column":43},"end":{"line":42,"column":3}},"line":24},"2":{"name":"(anonymous_2)","decl":{"start":{"line":29,"column":13},"end":{"line":29,"column":14}},"loc":{"start":{"line":30,"column":8},"end":{"line":35,"column":10}},"line":30},"3":{"name":"(anonymous_3)","decl":{"start":{"line":30,"column":30},"end":{"line":30,"column":31}},"loc":{"start":{"line":30,"column":38},"end":{"line":33,"column":9}},"line":30},"4":{"name":"(anonymous_4)","decl":{"start":{"line":33,"column":17},"end":{"line":33,"column":18}},"loc":{"start":{"line":33,"column":22},"end":{"line":35,"column":9}},"line":33},"5":{"name":"(anonymous_5)","decl":{"start":{"line":36,"column":14},"end":{"line":36,"column":15}},"loc":{"start":{"line":36,"column":19},"end":{"line":38,"column":7}},"line":36},"6":{"name":"(anonymous_6)","decl":{"start":{"line":44,"column":17},"end":{"line":44,"column":18}},"loc":{"start":{"line":44,"column":23},"end":{"line":46,"column":3}},"line":44},"7":{"name":"(anonymous_7)","decl":{"start":{"line":48,"column":25},"end":{"line":48,"column":26}},"loc":{"start":{"line":48,"column":37},"end":{"line":55,"column":3}},"line":48},"8":{"name":"(anonymous_8)","decl":{"start":{"line":57,"column":30},"end":{"line":57,"column":31}},"loc":{"start":{"line":57,"column":42},"end":{"line":64,"column":3}},"line":57},"9":{"name":"(anonymous_9)","decl":{"start":{"line":66,"column":19},"end":{"line":66,"column":20}},"loc":{"start":{"line":66,"column":56},"end":{"line":77,"column":3}},"line":66},"10":{"name":"(anonymous_10)","decl":{"start":{"line":79,"column":30},"end":{"line":79,"column":31}},"loc":{"start":{"line":79,"column":42},"end":{"line":88,"column":3}},"line":79},"11":{"name":"(anonymous_11)","decl":{"start":{"line":110,"column":40},"end":{"line":110,"column":41}},"loc":{"start":{"line":111,"column":20},"end":{"line":116,"column":22}},"line":111},"12":{"name":"(anonymous_12)","decl":{"start":{"line":141,"column":27},"end":{"line":141,"column":28}},"loc":{"start":{"line":141,"column":33},"end":{"line":141,"column":79}},"line":141},"13":{"name":"(anonymous_13)","decl":{"start":{"line":142,"column":27},"end":{"line":142,"column":28}},"loc":{"start":{"line":142,"column":33},"end":{"line":142,"column":80}},"line":142},"14":{"name":"(anonymous_14)","decl":{"start":{"line":146,"column":41},"end":{"line":146,"column":42}},"loc":{"start":{"line":146,"column":47},"end":{"line":146,"column":66}},"line":146},"15":{"name":"(anonymous_15)","decl":{"start":{"line":151,"column":70},"end":{"line":151,"column":71}},"loc":{"start":{"line":151,"column":85},"end":{"line":151,"column":100}},"line":151},"16":{"name":"(anonymous_16)","decl":{"start":{"line":152,"column":76},"end":{"line":152,"column":77}},"loc":{"start":{"line":152,"column":91},"end":{"line":152,"column":109}},"line":152},"17":{"name":"(anonymous_17)","decl":{"start":{"line":155,"column":71},"end":{"line":155,"column":72}},"loc":{"start":{"line":155,"column":77},"end":{"line":155,"column":99}},"line":155},"18":{"name":"(anonymous_18)","decl":{"start":{"line":158,"column":71},"end":{"line":158,"column":72}},"loc":{"start":{"line":158,"column":77},"end":{"line":158,"column":96}},"line":158},"19":{"name":"(anonymous_19)","decl":{"start":{"line":167,"column":68},"end":{"line":167,"column":69}},"loc":{"start":{"line":167,"column":83},"end":{"line":167,"column":97}},"line":167},"20":{"name":"(anonymous_20)","decl":{"start":{"line":168,"column":70},"end":{"line":168,"column":71}},"loc":{"start":{"line":168,"column":85},"end":{"line":168,"column":100}},"line":168},"21":{"name":"(anonymous_21)","decl":{"start":{"line":169,"column":76},"end":{"line":169,"column":77}},"loc":{"start":{"line":169,"column":91},"end":{"line":169,"column":109}},"line":169},"22":{"name":"(anonymous_22)","decl":{"start":{"line":175,"column":71},"end":{"line":175,"column":72}},"loc":{"start":{"line":175,"column":77},"end":{"line":175,"column":96}},"line":175}},"branchMap":{"0":{"loc":{"start":{"line":82,"column":6},"end":{"line":84,"column":7}},"type":"if","locations":[{"start":{"line":82,"column":6},"end":{"line":84,"column":7}},{"start":{},"end":{}}],"line":82},"1":{"loc":{"start":{"line":91,"column":7},"end":{"line":144,"column":7}},"type":"cond-expr","locations":[{"start":{"line":92,"column":8},"end":{"line":138,"column":14}},{"start":{"line":140,"column":8},"end":{"line":143,"column":14}}],"line":91},"2":{"loc":{"start":{"line":147,"column":9},"end":{"line":180,"column":9}},"type":"cond-expr","locations":[{"start":{"line":148,"column":10},"end":{"line":162,"column":13}},{"start":{"line":164,"column":10},"end":{"line":179,"column":13}}],"line":147}},"s":{"0":0,"1":0,"2":0,"3":0,"4":0,"5":0,"6":0,"7":0,"8":0,"9":0,"10":0,"11":0,"12":0,"13":0,"14":0,"15":0,"16":0,"17":0,"18":0,"19":0,"20":0,"21":0,"22":0,"23":0,"24":0,"25":0,"26":0,"27":0,"28":0,"29":0,"30":0,"31":0,"32":0,"33":0,"34":0,"35":0,"36":0,"37":0,"38":0,"39":0,"40":0,"41":0,"42":0,"43":0,"44":0,"45":0,"46":0,"47":0,"48":0},"f":{"0":0,"1":0,"2":0,"3":0,"4":0,"5":0,"6":0,"7":0,"8":0,"9":0,"10":0,"11":0,"12":0,"13":0,"14":0,"15":0,"16":0,"17":0,"18":0,"19":0,"20":0,"21":0,"22":0},"b":{"0":[0,0],"1":[0,0],"2":[0,0]}}
,"C:\\Users\\donghwan\\Desktop\\git\\webos-enact-streaming\\frontend\\src\\views\\MyVideos.js": {"path":"C:\\Users\\donghwan\\Desktop\\git\\webos-enact-streaming\\frontend\\src\\views\\MyVideos.js","statementMap":{"0":{"start":{"line":18,"column":17},"end":{"line":321,"column":1}},"1":{"start":{"line":19,"column":15},"end":{"line":19,"column":27}},"2":{"start":{"line":20,"column":61},"end":{"line":20,"column":71}},"3":{"start":{"line":21,"column":139},"end":{"line":21,"column":149}},"4":{"start":{"line":23,"column":44},"end":{"line":23,"column":56}},"5":{"start":{"line":24,"column":40},"end":{"line":24,"column":52}},"6":{"start":{"line":25,"column":48},"end":{"line":25,"column":60}},"7":{"start":{"line":26,"column":52},"end":{"line":26,"column":64}},"8":{"start":{"line":27,"column":46},"end":{"line":27,"column":58}},"9":{"start":{"line":28,"column":42},"end":{"line":28,"column":54}},"10":{"start":{"line":29,"column":50},"end":{"line":29,"column":62}},"11":{"start":{"line":30,"column":54},"end":{"line":30,"column":66}},"12":{"start":{"line":31,"column":44},"end":{"line":31,"column":58}},"13":{"start":{"line":32,"column":36},"end":{"line":32,"column":51}},"14":{"start":{"line":33,"column":38},"end":{"line":33,"column":53}},"15":{"start":{"line":34,"column":44},"end":{"line":34,"column":55}},"16":{"start":{"line":36,"column":30},"end":{"line":42,"column":4}},"17":{"start":{"line":44,"column":42},"end":{"line":44,"column":56}},"18":{"start":{"line":46,"column":25},"end":{"line":78,"column":3}},"19":{"start":{"line":47,"column":21},"end":{"line":53,"column":5}},"20":{"start":{"line":55,"column":4},"end":{"line":77,"column":5}},"21":{"start":{"line":56,"column":23},"end":{"line":62,"column":8}},"22":{"start":{"line":64,"column":6},"end":{"line":74,"column":7}},"23":{"start":{"line":65,"column":29},"end":{"line":65,"column":50}},"24":{"start":{"line":66,"column":8},"end":{"line":66,"column":151}},"25":{"start":{"line":67,"column":8},"end":{"line":67,"column":29}},"26":{"start":{"line":68,"column":8},"end":{"line":68,"column":27}},"27":{"start":{"line":69,"column":8},"end":{"line":69,"column":31}},"28":{"start":{"line":70,"column":8},"end":{"line":70,"column":33}},"29":{"start":{"line":71,"column":8},"end":{"line":71,"column":27}},"30":{"start":{"line":73,"column":8},"end":{"line":73,"column":66}},"31":{"start":{"line":76,"column":6},"end":{"line":76,"column":50}},"32":{"start":{"line":80,"column":28},"end":{"line":92,"column":3}},"33":{"start":{"line":81,"column":4},"end":{"line":91,"column":5}},"34":{"start":{"line":82,"column":6},"end":{"line":90,"column":7}},"35":{"start":{"line":83,"column":30},"end":{"line":83,"column":51}},"36":{"start":{"line":84,"column":8},"end":{"line":84,"column":44}},"37":{"start":{"line":85,"column":8},"end":{"line":85,"column":72}},"38":{"start":{"line":85,"column":46},"end":{"line":85,"column":69}},"39":{"start":{"line":86,"column":8},"end":{"line":86,"column":31}},"40":{"start":{"line":87,"column":8},"end":{"line":87,"column":37}},"41":{"start":{"line":89,"column":8},"end":{"line":89,"column":54}},"42":{"start":{"line":94,"column":26},"end":{"line":108,"column":3}},"43":{"start":{"line":95,"column":4},"end":{"line":107,"column":5}},"44":{"start":{"line":96,"column":28},"end":{"line":98,"column":7}},"45":{"start":{"line":97,"column":8},"end":{"line":97,"column":153}},"46":{"start":{"line":99,"column":6},"end":{"line":99,"column":31}},"47":{"start":{"line":100,"column":6},"end":{"line":100,"column":29}},"48":{"start":{"line":101,"column":6},"end":{"line":101,"column":28}},"49":{"start":{"line":102,"column":6},"end":{"line":102,"column":26}},"50":{"start":{"line":103,"column":6},"end":{"line":103,"column":30}},"51":{"start":{"line":104,"column":6},"end":{"line":104,"column":32}},"52":{"start":{"line":105,"column":6},"end":{"line":105,"column":26}},"53":{"start":{"line":106,"column":6},"end":{"line":106,"column":35}},"54":{"start":{"line":110,"column":23},"end":{"line":119,"column":3}},"55":{"start":{"line":111,"column":4},"end":{"line":118,"column":5}},"56":{"start":{"line":112,"column":20},"end":{"line":112,"column":41}},"57":{"start":{"line":113,"column":6},"end":{"line":113,"column":36}},"58":{"start":{"line":114,"column":6},"end":{"line":114,"column":33}},"59":{"start":{"line":115,"column":6},"end":{"line":115,"column":41}},"60":{"start":{"line":116,"column":6},"end":{"line":116,"column":45}},"61":{"start":{"line":117,"column":6},"end":{"line":117,"column":25}},"62":{"start":{"line":121,"column":26},"end":{"line":123,"column":3}},"63":{"start":{"line":122,"column":4},"end":{"line":122,"column":27}},"64":{"start":{"line":125,"column":26},"end":{"line":127,"column":3}},"65":{"start":{"line":126,"column":4},"end":{"line":126,"column":26}},"66":{"start":{"line":129,"column":25},"end":{"line":150,"column":3}},"67":{"start":{"line":130,"column":32},"end":{"line":130,"column":43}},"68":{"start":{"line":131,"column":4},"end":{"line":131,"column":39}},"69":{"start":{"line":134,"column":4},"end":{"line":149,"column":5}},"70":{"start":{"line":135,"column":23},"end":{"line":139,"column":8}},"71":{"start":{"line":141,"column":6},"end":{"line":146,"column":7}},"72":{"start":{"line":142,"column":21},"end":{"line":142,"column":42}},"73":{"start":{"line":143,"column":8},"end":{"line":143,"column":45}},"74":{"start":{"line":145,"column":8},"end":{"line":145,"column":71}},"75":{"start":{"line":148,"column":6},"end":{"line":148,"column":55}},"76":{"start":{"line":152,"column":2},"end":{"line":162,"column":9}},"77":{"start":{"line":154,"column":6},"end":{"line":159,"column":7}},"78":{"start":{"line":155,"column":27},"end":{"line":155,"column":49}},"79":{"start":{"line":156,"column":8},"end":{"line":156,"column":30}},"80":{"start":{"line":158,"column":8},"end":{"line":158,"column":29}},"81":{"start":{"line":161,"column":4},"end":{"line":161,"column":16}},"82":{"start":{"line":164,"column":2},"end":{"line":320,"column":4}},"83":{"start":{"line":183,"column":41},"end":{"line":183,"column":64}},"84":{"start":{"line":188,"column":41},"end":{"line":188,"column":62}},"85":{"start":{"line":193,"column":41},"end":{"line":193,"column":66}},"86":{"start":{"line":198,"column":41},"end":{"line":198,"column":68}},"87":{"start":{"line":217,"column":20},"end":{"line":223,"column":32}},"88":{"start":{"line":220,"column":37},"end":{"line":220,"column":60}},"89":{"start":{"line":245,"column":45},"end":{"line":245,"column":69}},"90":{"start":{"line":250,"column":45},"end":{"line":250,"column":67}},"91":{"start":{"line":255,"column":45},"end":{"line":255,"column":71}},"92":{"start":{"line":260,"column":45},"end":{"line":260,"column":73}},"93":{"start":{"line":267,"column":81},"end":{"line":267,"column":100}},"94":{"start":{"line":279,"column":10},"end":{"line":283,"column":16}},"95":{"start":{"line":279,"column":42},"end":{"line":279,"column":64}}},"fnMap":{"0":{"name":"(anonymous_0)","decl":{"start":{"line":18,"column":17},"end":{"line":18,"column":18}},"loc":{"start":{"line":18,"column":23},"end":{"line":321,"column":1}},"line":18},"1":{"name":"(anonymous_1)","decl":{"start":{"line":46,"column":25},"end":{"line":46,"column":26}},"loc":{"start":{"line":46,"column":37},"end":{"line":78,"column":3}},"line":46},"2":{"name":"(anonymous_2)","decl":{"start":{"line":80,"column":28},"end":{"line":80,"column":29}},"loc":{"start":{"line":80,"column":40},"end":{"line":92,"column":3}},"line":80},"3":{"name":"(anonymous_3)","decl":{"start":{"line":85,"column":32},"end":{"line":85,"column":33}},"loc":{"start":{"line":85,"column":46},"end":{"line":85,"column":69}},"line":85},"4":{"name":"(anonymous_4)","decl":{"start":{"line":94,"column":26},"end":{"line":94,"column":27}},"loc":{"start":{"line":94,"column":32},"end":{"line":108,"column":3}},"line":94},"5":{"name":"(anonymous_5)","decl":{"start":{"line":96,"column":39},"end":{"line":96,"column":40}},"loc":{"start":{"line":97,"column":8},"end":{"line":97,"column":153}},"line":97},"6":{"name":"(anonymous_6)","decl":{"start":{"line":110,"column":23},"end":{"line":110,"column":24}},"loc":{"start":{"line":110,"column":29},"end":{"line":119,"column":3}},"line":110},"7":{"name":"(anonymous_7)","decl":{"start":{"line":121,"column":26},"end":{"line":121,"column":27}},"loc":{"start":{"line":121,"column":37},"end":{"line":123,"column":3}},"line":121},"8":{"name":"(anonymous_8)","decl":{"start":{"line":125,"column":26},"end":{"line":125,"column":27}},"loc":{"start":{"line":125,"column":32},"end":{"line":127,"column":3}},"line":125},"9":{"name":"(anonymous_9)","decl":{"start":{"line":129,"column":25},"end":{"line":129,"column":26}},"loc":{"start":{"line":129,"column":37},"end":{"line":150,"column":3}},"line":129},"10":{"name":"(anonymous_10)","decl":{"start":{"line":152,"column":12},"end":{"line":152,"column":13}},"loc":{"start":{"line":152,"column":18},"end":{"line":162,"column":3}},"line":152},"11":{"name":"fetchData","decl":{"start":{"line":153,"column":19},"end":{"line":153,"column":28}},"loc":{"start":{"line":153,"column":31},"end":{"line":160,"column":5}},"line":153},"12":{"name":"(anonymous_12)","decl":{"start":{"line":183,"column":26},"end":{"line":183,"column":27}},"loc":{"start":{"line":183,"column":41},"end":{"line":183,"column":64}},"line":183},"13":{"name":"(anonymous_13)","decl":{"start":{"line":188,"column":26},"end":{"line":188,"column":27}},"loc":{"start":{"line":188,"column":41},"end":{"line":188,"column":62}},"line":188},"14":{"name":"(anonymous_14)","decl":{"start":{"line":193,"column":26},"end":{"line":193,"column":27}},"loc":{"start":{"line":193,"column":41},"end":{"line":193,"column":66}},"line":193},"15":{"name":"(anonymous_15)","decl":{"start":{"line":198,"column":26},"end":{"line":198,"column":27}},"loc":{"start":{"line":198,"column":41},"end":{"line":198,"column":68}},"line":198},"16":{"name":"(anonymous_16)","decl":{"start":{"line":216,"column":30},"end":{"line":216,"column":31}},"loc":{"start":{"line":217,"column":20},"end":{"line":223,"column":32}},"line":217},"17":{"name":"(anonymous_17)","decl":{"start":{"line":220,"column":31},"end":{"line":220,"column":32}},"loc":{"start":{"line":220,"column":37},"end":{"line":220,"column":60}},"line":220},"18":{"name":"(anonymous_18)","decl":{"start":{"line":245,"column":30},"end":{"line":245,"column":31}},"loc":{"start":{"line":245,"column":45},"end":{"line":245,"column":69}},"line":245},"19":{"name":"(anonymous_19)","decl":{"start":{"line":250,"column":30},"end":{"line":250,"column":31}},"loc":{"start":{"line":250,"column":45},"end":{"line":250,"column":67}},"line":250},"20":{"name":"(anonymous_20)","decl":{"start":{"line":255,"column":30},"end":{"line":255,"column":31}},"loc":{"start":{"line":255,"column":45},"end":{"line":255,"column":71}},"line":255},"21":{"name":"(anonymous_21)","decl":{"start":{"line":260,"column":30},"end":{"line":260,"column":31}},"loc":{"start":{"line":260,"column":45},"end":{"line":260,"column":73}},"line":260},"22":{"name":"(anonymous_22)","decl":{"start":{"line":267,"column":75},"end":{"line":267,"column":76}},"loc":{"start":{"line":267,"column":81},"end":{"line":267,"column":100}},"line":267},"23":{"name":"(anonymous_23)","decl":{"start":{"line":278,"column":20},"end":{"line":278,"column":21}},"loc":{"start":{"line":279,"column":10},"end":{"line":283,"column":16}},"line":279},"24":{"name":"(anonymous_24)","decl":{"start":{"line":279,"column":36},"end":{"line":279,"column":37}},"loc":{"start":{"line":279,"column":42},"end":{"line":279,"column":64}},"line":279}},"branchMap":{"0":{"loc":{"start":{"line":64,"column":6},"end":{"line":74,"column":7}},"type":"if","locations":[{"start":{"line":64,"column":6},"end":{"line":74,"column":7}},{"start":{"line":72,"column":13},"end":{"line":74,"column":7}}],"line":64},"1":{"loc":{"start":{"line":81,"column":4},"end":{"line":91,"column":5}},"type":"if","locations":[{"start":{"line":81,"column":4},"end":{"line":91,"column":5}},{"start":{},"end":{}}],"line":81},"2":{"loc":{"start":{"line":95,"column":4},"end":{"line":107,"column":5}},"type":"if","locations":[{"start":{"line":95,"column":4},"end":{"line":107,"column":5}},{"start":{},"end":{}}],"line":95},"3":{"loc":{"start":{"line":97,"column":8},"end":{"line":97,"column":153}},"type":"cond-expr","locations":[{"start":{"line":97,"column":34},"end":{"line":97,"column":145}},{"start":{"line":97,"column":148},"end":{"line":97,"column":153}}],"line":97},"4":{"loc":{"start":{"line":111,"column":4},"end":{"line":118,"column":5}},"type":"if","locations":[{"start":{"line":111,"column":4},"end":{"line":118,"column":5}},{"start":{},"end":{}}],"line":111},"5":{"loc":{"start":{"line":141,"column":6},"end":{"line":146,"column":7}},"type":"if","locations":[{"start":{"line":141,"column":6},"end":{"line":146,"column":7}},{"start":{"line":144,"column":13},"end":{"line":146,"column":7}}],"line":141},"6":{"loc":{"start":{"line":212,"column":13},"end":{"line":272,"column":13}},"type":"cond-expr","locations":[{"start":{"line":213,"column":14},"end":{"line":237,"column":17}},{"start":{"line":239,"column":14},"end":{"line":271,"column":17}}],"line":212},"7":{"loc":{"start":{"line":287,"column":7},"end":{"line":318,"column":7}},"type":"binary-expr","locations":[{"start":{"line":287,"column":7},"end":{"line":287,"column":19}},{"start":{"line":288,"column":8},"end":{"line":317,"column":14}}],"line":287}},"s":{"0":0,"1":0,"2":0,"3":0,"4":0,"5":0,"6":0,"7":0,"8":0,"9":0,"10":0,"11":0,"12":0,"13":0,"14":0,"15":0,"16":0,"17":0,"18":0,"19":0,"20":0,"21":0,"22":0,"23":0,"24":0,"25":0,"26":0,"27":0,"28":0,"29":0,"30":0,"31":0,"32":0,"33":0,"34":0,"35":0,"36":0,"37":0,"38":0,"39":0,"40":0,"41":0,"42":0,"43":0,"44":0,"45":0,"46":0,"47":0,"48":0,"49":0,"50":0,"51":0,"52":0,"53":0,"54":0,"55":0,"56":0,"57":0,"58":0,"59":0,"60":0,"61":0,"62":0,"63":0,"64":0,"65":0,"66":0,"67":0,"68":0,"69":0,"70":0,"71":0,"72":0,"73":0,"74":0,"75":0,"76":0,"77":0,"78":0,"79":0,"80":0,"81":0,"82":0,"83":0,"84":0,"85":0,"86":0,"87":0,"88":0,"89":0,"90":0,"91":0,"92":0,"93":0,"94":0,"95":0},"f":{"0":0,"1":0,"2":0,"3":0,"4":0,"5":0,"6":0,"7":0,"8":0,"9":0,"10":0,"11":0,"12":0,"13":0,"14":0,"15":0,"16":0,"17":0,"18":0,"19":0,"20":0,"21":0,"22":0,"23":0,"24":0},"b":{"0":[0,0],"1":[0,0],"2":[0,0],"3":[0,0],"4":[0,0],"5":[0,0],"6":[0,0],"7":[0,0]}}
,"C:\\Users\\donghwan\\Desktop\\git\\webos-enact-streaming\\frontend\\src\\views\\Video.js": {"path":"C:\\Users\\donghwan\\Desktop\\git\\webos-enact-streaming\\frontend\\src\\views\\Video.js","statementMap":{"0":{"start":{"line":15,"column":14},"end":{"line":206,"column":1}},"1":{"start":{"line":16,"column":46},"end":{"line":16,"column":57}},"2":{"start":{"line":17,"column":46},"end":{"line":17,"column":61}},"3":{"start":{"line":18,"column":48},"end":{"line":18,"column":63}},"4":{"start":{"line":19,"column":40},"end":{"line":19,"column":55}},"5":{"start":{"line":20,"column":44},"end":{"line":20,"column":57}},"6":{"start":{"line":21,"column":34},"end":{"line":21,"column":46}},"7":{"start":{"line":22,"column":38},"end":{"line":22,"column":50}},"8":{"start":{"line":23,"column":38},"end":{"line":23,"column":53}},"9":{"start":{"line":24,"column":44},"end":{"line":24,"column":55}},"10":{"start":{"line":27,"column":19},"end":{"line":27,"column":31}},"11":{"start":{"line":31,"column":25},"end":{"line":45,"column":3}},"12":{"start":{"line":32,"column":32},"end":{"line":32,"column":43}},"13":{"start":{"line":33,"column":4},"end":{"line":33,"column":39}},"14":{"start":{"line":36,"column":4},"end":{"line":44,"column":9}},"15":{"start":{"line":41,"column":26},"end":{"line":41,"column":41}},"16":{"start":{"line":43,"column":8},"end":{"line":43,"column":45}},"17":{"start":{"line":48,"column":31},"end":{"line":50,"column":3}},"18":{"start":{"line":49,"column":4},"end":{"line":49,"column":38}},"19":{"start":{"line":52,"column":28},"end":{"line":59,"column":3}},"20":{"start":{"line":53,"column":4},"end":{"line":53,"column":28}},"21":{"start":{"line":54,"column":4},"end":{"line":57,"column":5}},"22":{"start":{"line":55,"column":6},"end":{"line":55,"column":44}},"23":{"start":{"line":58,"column":4},"end":{"line":58,"column":29}},"24":{"start":{"line":61,"column":32},"end":{"line":63,"column":3}},"25":{"start":{"line":62,"column":4},"end":{"line":62,"column":33}},"26":{"start":{"line":65,"column":28},"end":{"line":68,"column":3}},"27":{"start":{"line":66,"column":4},"end":{"line":66,"column":29}},"28":{"start":{"line":67,"column":4},"end":{"line":67,"column":28}},"29":{"start":{"line":70,"column":27},"end":{"line":75,"column":3}},"30":{"start":{"line":71,"column":4},"end":{"line":74,"column":5}},"31":{"start":{"line":72,"column":6},"end":{"line":72,"column":45}},"32":{"start":{"line":73,"column":6},"end":{"line":73,"column":24}},"33":{"start":{"line":77,"column":25},"end":{"line":88,"column":3}},"34":{"start":{"line":78,"column":4},"end":{"line":87,"column":5}},"35":{"start":{"line":80,"column":8},"end":{"line":80,"column":100}},"36":{"start":{"line":82,"column":8},"end":{"line":82,"column":100}},"37":{"start":{"line":84,"column":8},"end":{"line":84,"column":134}},"38":{"start":{"line":86,"column":8},"end":{"line":86,"column":134}},"39":{"start":{"line":90,"column":2},"end":{"line":95,"column":22}},"40":{"start":{"line":91,"column":4},"end":{"line":93,"column":5}},"41":{"start":{"line":92,"column":6},"end":{"line":92,"column":52}},"42":{"start":{"line":94,"column":1},"end":{"line":94,"column":28}},"43":{"start":{"line":97,"column":21},"end":{"line":116,"column":5}},"44":{"start":{"line":118,"column":2},"end":{"line":205,"column":4}},"45":{"start":{"line":144,"column":58},"end":{"line":144,"column":80}},"46":{"start":{"line":145,"column":63},"end":{"line":145,"column":86}},"47":{"start":{"line":157,"column":12},"end":{"line":159,"column":18}},"48":{"start":{"line":167,"column":29},"end":{"line":167,"column":51}},"49":{"start":{"line":170,"column":14},"end":{"line":170,"column":56}},"50":{"start":{"line":170,"column":37},"end":{"line":170,"column":56}},"51":{"start":{"line":181,"column":51},"end":{"line":181,"column":74}},"52":{"start":{"line":183,"column":10},"end":{"line":185,"column":22}},"53":{"start":{"line":183,"column":84},"end":{"line":183,"column":108}},"54":{"start":{"line":189,"column":52},"end":{"line":189,"column":76}},"55":{"start":{"line":191,"column":10},"end":{"line":197,"column":22}},"56":{"start":{"line":194,"column":27},"end":{"line":194,"column":63}}},"fnMap":{"0":{"name":"(anonymous_0)","decl":{"start":{"line":15,"column":14},"end":{"line":15,"column":15}},"loc":{"start":{"line":15,"column":24},"end":{"line":206,"column":1}},"line":15},"1":{"name":"(anonymous_1)","decl":{"start":{"line":31,"column":25},"end":{"line":31,"column":26}},"loc":{"start":{"line":31,"column":31},"end":{"line":45,"column":3}},"line":31},"2":{"name":"(anonymous_2)","decl":{"start":{"line":41,"column":12},"end":{"line":41,"column":13}},"loc":{"start":{"line":41,"column":26},"end":{"line":41,"column":41}},"line":41},"3":{"name":"(anonymous_3)","decl":{"start":{"line":42,"column":12},"end":{"line":42,"column":13}},"loc":{"start":{"line":42,"column":22},"end":{"line":44,"column":7}},"line":42},"4":{"name":"(anonymous_4)","decl":{"start":{"line":48,"column":31},"end":{"line":48,"column":32}},"loc":{"start":{"line":48,"column":42},"end":{"line":50,"column":3}},"line":48},"5":{"name":"(anonymous_5)","decl":{"start":{"line":52,"column":28},"end":{"line":52,"column":29}},"loc":{"start":{"line":52,"column":39},"end":{"line":59,"column":3}},"line":52},"6":{"name":"(anonymous_6)","decl":{"start":{"line":61,"column":32},"end":{"line":61,"column":33}},"loc":{"start":{"line":61,"column":38},"end":{"line":63,"column":3}},"line":61},"7":{"name":"(anonymous_7)","decl":{"start":{"line":65,"column":28},"end":{"line":65,"column":29}},"loc":{"start":{"line":65,"column":39},"end":{"line":68,"column":3}},"line":65},"8":{"name":"(anonymous_8)","decl":{"start":{"line":70,"column":27},"end":{"line":70,"column":28}},"loc":{"start":{"line":70,"column":33},"end":{"line":75,"column":3}},"line":70},"9":{"name":"(anonymous_9)","decl":{"start":{"line":77,"column":25},"end":{"line":77,"column":26}},"loc":{"start":{"line":77,"column":31},"end":{"line":88,"column":3}},"line":77},"10":{"name":"(anonymous_10)","decl":{"start":{"line":90,"column":12},"end":{"line":90,"column":13}},"loc":{"start":{"line":90,"column":18},"end":{"line":95,"column":3}},"line":90},"11":{"name":"(anonymous_11)","decl":{"start":{"line":144,"column":52},"end":{"line":144,"column":53}},"loc":{"start":{"line":144,"column":58},"end":{"line":144,"column":80}},"line":144},"12":{"name":"(anonymous_12)","decl":{"start":{"line":145,"column":57},"end":{"line":145,"column":58}},"loc":{"start":{"line":145,"column":63},"end":{"line":145,"column":86}},"line":145},"13":{"name":"(anonymous_13)","decl":{"start":{"line":156,"column":24},"end":{"line":156,"column":25}},"loc":{"start":{"line":157,"column":12},"end":{"line":159,"column":18}},"line":157},"14":{"name":"(anonymous_14)","decl":{"start":{"line":167,"column":22},"end":{"line":167,"column":23}},"loc":{"start":{"line":167,"column":29},"end":{"line":167,"column":51}},"line":167},"15":{"name":"(anonymous_15)","decl":{"start":{"line":169,"column":21},"end":{"line":169,"column":22}},"loc":{"start":{"line":169,"column":28},"end":{"line":171,"column":13}},"line":169},"16":{"name":"(anonymous_16)","decl":{"start":{"line":181,"column":45},"end":{"line":181,"column":46}},"loc":{"start":{"line":181,"column":51},"end":{"line":181,"column":74}},"line":181},"17":{"name":"(anonymous_17)","decl":{"start":{"line":182,"column":47},"end":{"line":182,"column":48}},"loc":{"start":{"line":183,"column":10},"end":{"line":185,"column":22}},"line":183},"18":{"name":"(anonymous_18)","decl":{"start":{"line":183,"column":78},"end":{"line":183,"column":79}},"loc":{"start":{"line":183,"column":84},"end":{"line":183,"column":108}},"line":183},"19":{"name":"(anonymous_19)","decl":{"start":{"line":189,"column":46},"end":{"line":189,"column":47}},"loc":{"start":{"line":189,"column":52},"end":{"line":189,"column":76}},"line":189},"20":{"name":"(anonymous_20)","decl":{"start":{"line":190,"column":41},"end":{"line":190,"column":42}},"loc":{"start":{"line":191,"column":10},"end":{"line":197,"column":22}},"line":191},"21":{"name":"(anonymous_21)","decl":{"start":{"line":194,"column":21},"end":{"line":194,"column":22}},"loc":{"start":{"line":194,"column":27},"end":{"line":194,"column":63}},"line":194}},"branchMap":{"0":{"loc":{"start":{"line":54,"column":4},"end":{"line":57,"column":5}},"type":"if","locations":[{"start":{"line":54,"column":4},"end":{"line":57,"column":5}},{"start":{},"end":{}}],"line":54},"1":{"loc":{"start":{"line":71,"column":4},"end":{"line":74,"column":5}},"type":"if","locations":[{"start":{"line":71,"column":4},"end":{"line":74,"column":5}},{"start":{},"end":{}}],"line":71},"2":{"loc":{"start":{"line":78,"column":4},"end":{"line":87,"column":5}},"type":"switch","locations":[{"start":{"line":79,"column":6},"end":{"line":80,"column":100}},{"start":{"line":81,"column":6},"end":{"line":82,"column":100}},{"start":{"line":83,"column":6},"end":{"line":84,"column":134}},{"start":{"line":85,"column":6},"end":{"line":86,"column":134}}],"line":78},"3":{"loc":{"start":{"line":91,"column":4},"end":{"line":93,"column":5}},"type":"if","locations":[{"start":{"line":91,"column":4},"end":{"line":93,"column":5}},{"start":{},"end":{}}],"line":91},"4":{"loc":{"start":{"line":97,"column":21},"end":{"line":116,"column":5}},"type":"cond-expr","locations":[{"start":{"line":98,"column":6},"end":{"line":107,"column":5}},{"start":{"line":108,"column":6},"end":{"line":116,"column":5}}],"line":97},"5":{"loc":{"start":{"line":170,"column":14},"end":{"line":170,"column":56}},"type":"if","locations":[{"start":{"line":170,"column":14},"end":{"line":170,"column":56}},{"start":{},"end":{}}],"line":170}},"s":{"0":0,"1":0,"2":0,"3":0,"4":0,"5":0,"6":0,"7":0,"8":0,"9":0,"10":0,"11":0,"12":0,"13":0,"14":0,"15":0,"16":0,"17":0,"18":0,"19":0,"20":0,"21":0,"22":0,"23":0,"24":0,"25":0,"26":0,"27":0,"28":0,"29":0,"30":0,"31":0,"32":0,"33":0,"34":0,"35":0,"36":0,"37":0,"38":0,"39":0,"40":0,"41":0,"42":0,"43":0,"44":0,"45":0,"46":0,"47":0,"48":0,"49":0,"50":0,"51":0,"52":0,"53":0,"54":0,"55":0,"56":0},"f":{"0":0,"1":0,"2":0,"3":0,"4":0,"5":0,"6":0,"7":0,"8":0,"9":0,"10":0,"11":0,"12":0,"13":0,"14":0,"15":0,"16":0,"17":0,"18":0,"19":0,"20":0,"21":0},"b":{"0":[0,0],"1":[0,0],"2":[0,0,0,0],"3":[0,0],"4":[0,0],"5":[0,0]}}
}
