TN:
SF:src\setupProxy.js
FN:3,(anonymous_0)
FNF:1
FNH:0
FNDA:0,(anonymous_0)
DA:1,0
DA:3,0
DA:4,0
LF:3
LH:0
BRF:0
BRH:0
end_of_record
TN:
SF:src\zustand.js
FN:3,(anonymous_0)
FN:5,(anonymous_1)
FNF:2
FNH:0
FNDA:0,(anonymous_0)
FNDA:0,(anonymous_1)
DA:3,0
DA:6,0
DA:7,0
DA:9,0
LF:4
LH:0
BRDA:6,0,0,0
BRDA:6,0,1,0
BRF:2
BRH:0
end_of_record
TN:
SF:src\App\App.js
FN:22,(anonymous_0)
FNF:1
FNH:0
FNDA:0,(anonymous_0)
DA:22,0
DA:23,0
DA:24,0
DA:25,0
DA:26,0
DA:28,0
LF:6
LH:0
BRF:0
BRH:0
end_of_record
TN:
SF:src\App\AppState.js
FN:7,(anonymous_0)
FN:8,(anonymous_1)
FN:13,(anonymous_2)
FN:14,(anonymous_3)
FN:19,(anonymous_4)
FN:20,(anonymous_5)
FN:27,(anonymous_6)
FN:28,(anonymous_7)
FN:32,(anonymous_8)
FN:33,(anonymous_9)
FN:39,(anonymous_10)
FN:45,(anonymous_11)
FN:58,(anonymous_12)
FN:69,(anonymous_13)
FNF:14
FNH:0
FNDA:0,(anonymous_0)
FNDA:0,(anonymous_1)
FNDA:0,(anonymous_2)
FNDA:0,(anonymous_3)
FNDA:0,(anonymous_4)
FNDA:0,(anonymous_5)
FNDA:0,(anonymous_6)
FNDA:0,(anonymous_7)
FNDA:0,(anonymous_8)
FNDA:0,(anonymous_9)
FNDA:0,(anonymous_10)
FNDA:0,(anonymous_11)
FNDA:0,(anonymous_12)
FNDA:0,(anonymous_13)
DA:7,0
DA:8,0
DA:9,0
DA:10,0
DA:13,0
DA:14,0
DA:15,0
DA:16,0
DA:19,0
DA:20,0
DA:21,0
DA:22,0
DA:27,0
DA:28,0
DA:29,0
DA:32,0
DA:33,0
DA:34,0
DA:35,0
DA:39,0
DA:40,0
DA:42,0
DA:43,0
DA:45,0
DA:46,0
DA:52,0
DA:53,0
DA:54,0
DA:58,0
DA:59,0
DA:60,0
DA:61,0
DA:69,0
DA:70,0
LF:34
LH:0
BRDA:52,0,0,0
BRDA:52,0,1,0
BRDA:59,1,0,0
BRDA:59,1,1,0
BRF:4
BRH:0
end_of_record
TN:
SF:src\constants\domEvents.js
FNF:0
FNH:0
DA:1,0
DA:2,0
DA:3,0
DA:4,0
DA:5,0
DA:6,0
LF:6
LH:0
BRF:0
BRH:0
end_of_record
TN:
SF:src\hooks\configs.js
FN:7,(anonymous_0)
FN:11,(anonymous_1)
FN:19,(anonymous_2)
FN:23,(anonymous_3)
FN:29,(anonymous_4)
FNF:5
FNH:0
FNDA:0,(anonymous_0)
FNDA:0,(anonymous_1)
FNDA:0,(anonymous_2)
FNDA:0,(anonymous_3)
FNDA:0,(anonymous_4)
DA:7,0
DA:8,0
DA:9,0
DA:11,0
DA:12,0
DA:13,0
DA:14,0
DA:20,0
DA:21,0
DA:24,0
DA:29,0
DA:30,0
DA:31,0
DA:32,0
DA:37,0
LF:15
LH:0
BRDA:12,0,0,0
BRDA:12,0,1,0
BRDA:30,1,0,0
BRDA:30,1,1,0
BRF:4
BRH:0
end_of_record
TN:
SF:src\hooks\server.js
FN:5,(anonymous_0)
FN:10,(anonymous_1)
FN:18,(anonymous_2)
FN:27,(anonymous_3)
FN:38,(anonymous_4)
FN:50,(anonymous_5)
FN:63,(anonymous_6)
FN:72,(anonymous_7)
FN:86,(anonymous_8)
FNF:9
FNH:0
FNDA:0,(anonymous_0)
FNDA:0,(anonymous_1)
FNDA:0,(anonymous_2)
FNDA:0,(anonymous_3)
FNDA:0,(anonymous_4)
FNDA:0,(anonymous_5)
FNDA:0,(anonymous_6)
FNDA:0,(anonymous_7)
FNDA:0,(anonymous_8)
DA:3,0
DA:5,0
DA:6,0
DA:7,0
DA:10,0
DA:11,0
DA:12,0
DA:13,0
DA:15,0
DA:18,0
DA:19,0
DA:20,0
DA:21,0
DA:23,0
DA:27,0
DA:28,0
DA:29,0
DA:32,0
DA:34,0
DA:38,0
DA:39,0
DA:40,0
DA:44,0
DA:46,0
DA:50,0
DA:51,0
DA:52,0
DA:57,0
DA:59,0
DA:63,0
DA:64,0
DA:65,0
DA:66,0
DA:68,0
DA:72,0
DA:73,0
DA:74,0
DA:80,0
DA:82,0
DA:86,0
DA:87,0
DA:88,0
DA:91,0
DA:93,0
LF:44
LH:0
BRDA:12,0,0,0
BRDA:12,0,1,0
BRF:2
BRH:0
end_of_record
TN:
SF:src\libs\request.js
FN:5,(anonymous_0)
FN:10,(anonymous_1)
FN:20,(anonymous_2)
FN:20,(anonymous_3)
FNF:4
FNH:0
FNDA:0,(anonymous_0)
FNDA:0,(anonymous_1)
FNDA:0,(anonymous_2)
FNDA:0,(anonymous_3)
DA:5,0
DA:6,0
DA:7,0
DA:10,0
DA:11,0
DA:20,0
DA:22,0
DA:28,0
LF:8
LH:0
BRDA:6,0,0,0
BRDA:6,0,1,0
BRDA:22,1,0,0
BRF:3
BRH:0
end_of_record
TN:
SF:src\libs\services.js
FN:4,(anonymous_0)
FN:8,(anonymous_1)
FNF:2
FNH:0
FNDA:0,(anonymous_0)
FNDA:0,(anonymous_1)
DA:3,0
DA:4,0
DA:5,0
DA:7,0
DA:8,0
LF:5
LH:0
BRF:0
BRH:0
end_of_record
TN:
SF:src\libs\testutils.js
FN:9,(anonymous_0)
FN:10,(anonymous_1)
FN:15,(anonymous_2)
FN:25,(anonymous_3)
FN:31,(anonymous_4)
FNF:5
FNH:0
FNDA:0,(anonymous_0)
FNDA:0,(anonymous_1)
FNDA:0,(anonymous_2)
FNDA:0,(anonymous_3)
FNDA:0,(anonymous_4)
DA:9,0
DA:10,0
DA:11,0
DA:15,0
DA:19,0
DA:20,0
DA:21,0
DA:22,0
DA:25,0
DA:26,0
DA:28,0
DA:31,0
DA:32,0
LF:13
LH:0
BRDA:17,0,0,0
BRDA:21,1,0,0
BRDA:21,1,1,0
BRDA:31,2,0,0
BRF:4
BRH:0
end_of_record
TN:
SF:src\libs\utils.js
FN:1,(anonymous_0)
FN:3,(anonymous_1)
FN:6,(anonymous_2)
FN:9,(anonymous_3)
FN:21,(anonymous_4)
FNF:5
FNH:0
FNDA:0,(anonymous_0)
FNDA:0,(anonymous_1)
FNDA:0,(anonymous_2)
FNDA:0,(anonymous_3)
FNDA:0,(anonymous_4)
DA:1,0
DA:3,0
DA:4,0
DA:6,0
DA:7,0
DA:9,0
DA:10,0
DA:11,0
DA:14,0
DA:15,0
DA:16,0
DA:18,0
DA:21,0
DA:22,0
DA:23,0
DA:24,0
DA:25,0
LF:17
LH:0
BRDA:4,0,0,0
BRDA:4,0,1,0
BRDA:7,1,0,0
BRDA:7,1,1,0
BRDA:10,2,0,0
BRDA:10,2,1,0
BRDA:14,3,0,0
BRDA:14,3,1,0
BRDA:22,4,0,0
BRDA:22,4,1,0
BRF:10
BRH:0
end_of_record
TN:
SF:src\views\Account.js
FN:8,(anonymous_0)
FN:15,(anonymous_1)
FN:24,(anonymous_2)
FN:27,(anonymous_3)
FN:28,(anonymous_4)
FN:34,(anonymous_5)
FN:37,(anonymous_6)
FN:40,(anonymous_7)
FN:41,(anonymous_8)
FN:48,(anonymous_9)
FN:57,(anonymous_10)
FN:60,(anonymous_11)
FN:73,(anonymous_12)
FN:73,(anonymous_13)
FN:79,(anonymous_14)
FN:79,(anonymous_15)
FNF:16
FNH:0
FNDA:0,(anonymous_0)
FNDA:0,(anonymous_1)
FNDA:0,(anonymous_2)
FNDA:0,(anonymous_3)
FNDA:0,(anonymous_4)
FNDA:0,(anonymous_5)
FNDA:0,(anonymous_6)
FNDA:0,(anonymous_7)
FNDA:0,(anonymous_8)
FNDA:0,(anonymous_9)
FNDA:0,(anonymous_10)
FNDA:0,(anonymous_11)
FNDA:0,(anonymous_12)
FNDA:0,(anonymous_13)
FNDA:0,(anonymous_14)
FNDA:0,(anonymous_15)
DA:8,0
DA:9,0
DA:15,0
DA:16,0
DA:17,0
DA:18,0
DA:19,0
DA:21,0
DA:24,0
DA:25,0
DA:28,0
DA:34,0
DA:37,0
DA:38,0
DA:39,0
DA:40,0
DA:41,0
DA:44,0
DA:48,0
DA:49,0
DA:52,0
DA:58,0
DA:60,0
DA:73,0
DA:79,0
LF:25
LH:0
BRDA:55,0,0,0
BRDA:55,0,1,0
BRF:2
BRH:0
end_of_record
TN:
SF:src\views\HLSVideo.js
FN:5,(anonymous_0)
FN:9,(anonymous_1)
FN:17,(anonymous_2)
FN:29,(anonymous_3)
FN:69,(anonymous_4)
FN:74,(anonymous_5)
FNF:6
FNH:0
FNDA:0,(anonymous_0)
FNDA:0,(anonymous_1)
FNDA:0,(anonymous_2)
FNDA:0,(anonymous_3)
FNDA:0,(anonymous_4)
FNDA:0,(anonymous_5)
DA:5,0
DA:6,0
DA:7,0
DA:9,0
DA:10,0
DA:11,0
DA:12,0
DA:13,0
DA:14,0
DA:17,0
DA:18,0
DA:23,0
DA:25,0
DA:29,0
DA:30,0
DA:33,0
DA:38,0
DA:39,0
DA:41,0
DA:42,0
DA:43,0
DA:45,0
DA:46,0
DA:47,0
DA:52,0
DA:53,0
DA:57,0
DA:58,0
DA:69,0
DA:70,0
DA:71,0
DA:74,0
DA:75,0
DA:76,0
DA:79,0
LF:35
LH:0
BRDA:10,0,0,0
BRDA:10,0,1,0
BRDA:45,1,0,0
BRDA:45,1,1,0
BRDA:46,2,0,0
BRDA:46,2,1,0
BRDA:52,3,0,0
BRDA:52,3,1,0
BRDA:57,4,0,0
BRDA:57,4,1,0
BRDA:57,5,0,0
BRDA:57,5,1,0
BRF:12
BRH:0
end_of_record
TN:
SF:src\views\Home.js
FN:30,(anonymous_0)
FN:38,(anonymous_1)
FN:45,(anonymous_2)
FN:46,fetchData
FN:68,(anonymous_4)
FN:92,(anonymous_5)
FN:92,(anonymous_6)
FN:103,(anonymous_7)
FN:103,(anonymous_8)
FN:115,(anonymous_9)
FNF:10
FNH:0
FNDA:0,(anonymous_0)
FNDA:0,(anonymous_1)
FNDA:0,(anonymous_2)
FNDA:0,fetchData
FNDA:0,(anonymous_4)
FNDA:0,(anonymous_5)
FNDA:0,(anonymous_6)
FNDA:0,(anonymous_7)
FNDA:0,(anonymous_8)
FNDA:0,(anonymous_9)
DA:30,0
DA:31,0
DA:32,0
DA:33,0
DA:34,0
DA:38,0
DA:40,0
DA:41,0
DA:42,0
DA:45,0
DA:47,0
DA:48,0
DA:49,0
DA:51,0
DA:54,0
DA:65,0
DA:68,0
DA:83,0
DA:92,0
DA:103,0
DA:116,0
LF:21
LH:0
BRDA:42,0,0,0
BRDA:42,0,1,0
BRDA:68,1,0,0
BRDA:68,1,1,0
BRF:4
BRH:0
end_of_record
TN:
SF:src\views\HomeState.js
FN:10,(anonymous_0)
FN:13,(anonymous_1)
FN:17,(anonymous_2)
FN:26,(anonymous_3)
FN:30,(anonymous_4)
FN:34,(anonymous_5)
FN:38,(anonymous_6)
FNF:7
FNH:0
FNDA:0,(anonymous_0)
FNDA:0,(anonymous_1)
FNDA:0,(anonymous_2)
FNDA:0,(anonymous_3)
FNDA:0,(anonymous_4)
FNDA:0,(anonymous_5)
FNDA:0,(anonymous_6)
DA:10,0
DA:11,0
DA:13,0
DA:14,0
DA:17,0
DA:18,0
DA:19,0
DA:22,0
DA:26,0
DA:27,0
DA:28,0
DA:30,0
DA:31,0
DA:34,0
DA:35,0
DA:36,0
DA:38,0
DA:39,0
DA:43,0
LF:19
LH:0
BRF:0
BRH:0
end_of_record
TN:
SF:src\views\Main.js
FN:15,(anonymous_0)
FNF:1
FNH:0
FNDA:0,(anonymous_0)
DA:15,0
DA:16,0
LF:2
LH:0
BRF:0
BRH:0
end_of_record
TN:
SF:src\views\MyPage.js
FN:15,(anonymous_0)
FN:24,(anonymous_1)
FN:29,(anonymous_2)
FN:30,(anonymous_3)
FN:33,(anonymous_4)
FN:36,(anonymous_5)
FN:44,(anonymous_6)
FN:48,(anonymous_7)
FN:57,(anonymous_8)
FN:66,(anonymous_9)
FN:79,(anonymous_10)
FN:110,(anonymous_11)
FN:141,(anonymous_12)
FN:142,(anonymous_13)
FN:146,(anonymous_14)
FN:151,(anonymous_15)
FN:152,(anonymous_16)
FN:155,(anonymous_17)
FN:158,(anonymous_18)
FN:167,(anonymous_19)
FN:168,(anonymous_20)
FN:169,(anonymous_21)
FN:175,(anonymous_22)
FNF:23
FNH:0
FNDA:0,(anonymous_0)
FNDA:0,(anonymous_1)
FNDA:0,(anonymous_2)
FNDA:0,(anonymous_3)
FNDA:0,(anonymous_4)
FNDA:0,(anonymous_5)
FNDA:0,(anonymous_6)
FNDA:0,(anonymous_7)
FNDA:0,(anonymous_8)
FNDA:0,(anonymous_9)
FNDA:0,(anonymous_10)
FNDA:0,(anonymous_11)
FNDA:0,(anonymous_12)
FNDA:0,(anonymous_13)
FNDA:0,(anonymous_14)
FNDA:0,(anonymous_15)
FNDA:0,(anonymous_16)
FNDA:0,(anonymous_17)
FNDA:0,(anonymous_18)
FNDA:0,(anonymous_19)
FNDA:0,(anonymous_20)
FNDA:0,(anonymous_21)
FNDA:0,(anonymous_22)
DA:13,0
DA:15,0
DA:17,0
DA:18,0
DA:19,0
DA:20,0
DA:21,0
DA:22,0
DA:24,0
DA:25,0
DA:26,0
DA:30,0
DA:31,0
DA:32,0
DA:34,0
DA:37,0
DA:40,0
DA:44,0
DA:45,0
DA:48,0
DA:50,0
DA:57,0
DA:59,0
DA:66,0
DA:67,0
DA:68,0
DA:73,0
DA:75,0
DA:79,0
DA:80,0
DA:81,0
DA:82,0
DA:83,0
DA:86,0
DA:89,0
DA:111,0
DA:141,0
DA:142,0
DA:146,0
DA:151,0
DA:152,0
DA:155,0
DA:158,0
DA:167,0
DA:168,0
DA:169,0
DA:175,0
LF:47
LH:0
BRDA:82,0,0,0
BRDA:82,0,1,0
BRDA:91,1,0,0
BRDA:91,1,1,0
BRDA:147,2,0,0
BRDA:147,2,1,0
BRF:6
BRH:0
end_of_record
TN:
SF:src\views\MyVideos.js
FN:18,(anonymous_0)
FN:46,(anonymous_1)
FN:80,(anonymous_2)
FN:85,(anonymous_3)
FN:94,(anonymous_4)
FN:96,(anonymous_5)
FN:110,(anonymous_6)
FN:121,(anonymous_7)
FN:125,(anonymous_8)
FN:129,(anonymous_9)
FN:152,(anonymous_10)
FN:153,fetchData
FN:183,(anonymous_12)
FN:188,(anonymous_13)
FN:193,(anonymous_14)
FN:198,(anonymous_15)
FN:216,(anonymous_16)
FN:220,(anonymous_17)
FN:245,(anonymous_18)
FN:250,(anonymous_19)
FN:255,(anonymous_20)
FN:260,(anonymous_21)
FN:267,(anonymous_22)
FN:278,(anonymous_23)
FN:279,(anonymous_24)
FNF:25
FNH:0
FNDA:0,(anonymous_0)
FNDA:0,(anonymous_1)
FNDA:0,(anonymous_2)
FNDA:0,(anonymous_3)
FNDA:0,(anonymous_4)
FNDA:0,(anonymous_5)
FNDA:0,(anonymous_6)
FNDA:0,(anonymous_7)
FNDA:0,(anonymous_8)
FNDA:0,(anonymous_9)
FNDA:0,(anonymous_10)
FNDA:0,fetchData
FNDA:0,(anonymous_12)
FNDA:0,(anonymous_13)
FNDA:0,(anonymous_14)
FNDA:0,(anonymous_15)
FNDA:0,(anonymous_16)
FNDA:0,(anonymous_17)
FNDA:0,(anonymous_18)
FNDA:0,(anonymous_19)
FNDA:0,(anonymous_20)
FNDA:0,(anonymous_21)
FNDA:0,(anonymous_22)
FNDA:0,(anonymous_23)
FNDA:0,(anonymous_24)
DA:18,0
DA:19,0
DA:20,0
DA:21,0
DA:23,0
DA:24,0
DA:25,0
DA:26,0
DA:27,0
DA:28,0
DA:29,0
DA:30,0
DA:31,0
DA:32,0
DA:33,0
DA:34,0
DA:36,0
DA:44,0
DA:46,0
DA:47,0
DA:55,0
DA:56,0
DA:64,0
DA:65,0
DA:66,0
DA:67,0
DA:68,0
DA:69,0
DA:70,0
DA:71,0
DA:73,0
DA:76,0
DA:80,0
DA:81,0
DA:82,0
DA:83,0
DA:84,0
DA:85,0
DA:86,0
DA:87,0
DA:89,0
DA:94,0
DA:95,0
DA:96,0
DA:97,0
DA:99,0
DA:100,0
DA:101,0
DA:102,0
DA:103,0
DA:104,0
DA:105,0
DA:106,0
DA:110,0
DA:111,0
DA:112,0
DA:113,0
DA:114,0
DA:115,0
DA:116,0
DA:117,0
DA:121,0
DA:122,0
DA:125,0
DA:126,0
DA:129,0
DA:130,0
DA:131,0
DA:134,0
DA:135,0
DA:141,0
DA:142,0
DA:143,0
DA:145,0
DA:148,0
DA:152,0
DA:154,0
DA:155,0
DA:156,0
DA:158,0
DA:161,0
DA:164,0
DA:183,0
DA:188,0
DA:193,0
DA:198,0
DA:217,0
DA:220,0
DA:245,0
DA:250,0
DA:255,0
DA:260,0
DA:267,0
DA:279,0
LF:94
LH:0
BRDA:64,0,0,0
BRDA:64,0,1,0
BRDA:81,1,0,0
BRDA:81,1,1,0
BRDA:95,2,0,0
BRDA:95,2,1,0
BRDA:97,3,0,0
BRDA:97,3,1,0
BRDA:111,4,0,0
BRDA:111,4,1,0
BRDA:141,5,0,0
BRDA:141,5,1,0
BRDA:212,6,0,0
BRDA:212,6,1,0
BRDA:287,7,0,0
BRDA:287,7,1,0
BRF:16
BRH:0
end_of_record
TN:
SF:src\views\Video.js
FN:15,(anonymous_0)
FN:31,(anonymous_1)
FN:41,(anonymous_2)
FN:42,(anonymous_3)
FN:48,(anonymous_4)
FN:52,(anonymous_5)
FN:61,(anonymous_6)
FN:65,(anonymous_7)
FN:70,(anonymous_8)
FN:77,(anonymous_9)
FN:90,(anonymous_10)
FN:144,(anonymous_11)
FN:145,(anonymous_12)
FN:156,(anonymous_13)
FN:167,(anonymous_14)
FN:169,(anonymous_15)
FN:181,(anonymous_16)
FN:182,(anonymous_17)
FN:183,(anonymous_18)
FN:189,(anonymous_19)
FN:190,(anonymous_20)
FN:194,(anonymous_21)
FNF:22
FNH:0
FNDA:0,(anonymous_0)
FNDA:0,(anonymous_1)
FNDA:0,(anonymous_2)
FNDA:0,(anonymous_3)
FNDA:0,(anonymous_4)
FNDA:0,(anonymous_5)
FNDA:0,(anonymous_6)
FNDA:0,(anonymous_7)
FNDA:0,(anonymous_8)
FNDA:0,(anonymous_9)
FNDA:0,(anonymous_10)
FNDA:0,(anonymous_11)
FNDA:0,(anonymous_12)
FNDA:0,(anonymous_13)
FNDA:0,(anonymous_14)
FNDA:0,(anonymous_15)
FNDA:0,(anonymous_16)
FNDA:0,(anonymous_17)
FNDA:0,(anonymous_18)
FNDA:0,(anonymous_19)
FNDA:0,(anonymous_20)
FNDA:0,(anonymous_21)
DA:15,0
DA:16,0
DA:17,0
DA:18,0
DA:19,0
DA:20,0
DA:21,0
DA:22,0
DA:23,0
DA:24,0
DA:27,0
DA:31,0
DA:32,0
DA:33,0
DA:36,0
DA:41,0
DA:43,0
DA:48,0
DA:49,0
DA:52,0
DA:53,0
DA:54,0
DA:55,0
DA:58,0
DA:61,0
DA:62,0
DA:65,0
DA:66,0
DA:67,0
DA:70,0
DA:71,0
DA:72,0
DA:73,0
DA:77,0
DA:78,0
DA:80,0
DA:82,0
DA:84,0
DA:86,0
DA:90,0
DA:91,0
DA:92,0
DA:94,0
DA:97,0
DA:118,0
DA:144,0
DA:145,0
DA:157,0
DA:167,0
DA:170,0
DA:181,0
DA:183,0
DA:189,0
DA:191,0
DA:194,0
LF:55
LH:0
BRDA:54,0,0,0
BRDA:54,0,1,0
BRDA:71,1,0,0
BRDA:71,1,1,0
BRDA:78,2,0,0
BRDA:78,2,1,0
BRDA:78,2,2,0
BRDA:78,2,3,0
BRDA:91,3,0,0
BRDA:91,3,1,0
BRDA:97,4,0,0
BRDA:97,4,1,0
BRDA:170,5,0,0
BRDA:170,5,1,0
BRF:14
BRH:0
end_of_record
